[2023-05-31 19:33:35] local.ERROR: Command "make:migrate" is not defined.

Did you mean one of these?
    make:cast
    make:channel
    make:command
    make:component
    make:controller
    make:event
    make:exception
    make:factory
    make:job
    make:listener
    make:mail
    make:middleware
    make:migration
    make:model
    make:notification
    make:observer
    make:policy
    make:provider
    make:request
    make:resource
    make:rule
    make:seeder
    make:test {"exception":"[object] (Symfony\\Component\\Console\\Exception\\CommandNotFoundException(code: 0): Command \"make:migrate\" is not defined.

Did you mean one of these?
    make:cast
    make:channel
    make:command
    make:component
    make:controller
    make:event
    make:exception
    make:factory
    make:job
    make:listener
    make:mail
    make:middleware
    make:migration
    make:model
    make:notification
    make:observer
    make:policy
    make:provider
    make:request
    make:resource
    make:rule
    make:seeder
    make:test at /home/ofmakers/Documentos/projetoSensor/sensor/vendor/symfony/console/Application.php:720)
[stacktrace]
#0 /home/ofmakers/Documentos/projetoSensor/sensor/vendor/symfony/console/Application.php(259): Symfony\\Component\\Console\\Application->find()
#1 /home/ofmakers/Documentos/projetoSensor/sensor/vendor/symfony/console/Application.php(171): Symfony\\Component\\Console\\Application->doRun()
#2 /home/ofmakers/Documentos/projetoSensor/sensor/vendor/laravel/framework/src/Illuminate/Console/Application.php(94): Symfony\\Component\\Console\\Application->run()
#3 /home/ofmakers/Documentos/projetoSensor/sensor/vendor/laravel/framework/src/Illuminate/Foundation/Console/Kernel.php(129): Illuminate\\Console\\Application->run()
#4 /home/ofmakers/Documentos/projetoSensor/sensor/artisan(37): Illuminate\\Foundation\\Console\\Kernel->handle()
#5 {main}
"} 
[2023-05-31 19:33:47] local.ERROR: SQLSTATE[42S01]: Base table or view already exists: 1050 Table 'dados' already exists (SQL: create table `dados` (`id` bigint unsigned not null auto_increment primary key, `created_at` timestamp null, `updated_at` timestamp null) default character set utf8mb4 collate 'utf8mb4_unicode_ci') {"exception":"[object] (Illuminate\\Database\\QueryException(code: 42S01): SQLSTATE[42S01]: Base table or view already exists: 1050 Table 'dados' already exists (SQL: create table `dados` (`id` bigint unsigned not null auto_increment primary key, `created_at` timestamp null, `updated_at` timestamp null) default character set utf8mb4 collate 'utf8mb4_unicode_ci') at /home/ofmakers/Documentos/projetoSensor/sensor/vendor/laravel/framework/src/Illuminate/Database/Connection.php:712)
[stacktrace]
#0 /home/ofmakers/Documentos/projetoSensor/sensor/vendor/laravel/framework/src/Illuminate/Database/Connection.php(672): Illuminate\\Database\\Connection->runQueryCallback()
#1 /home/ofmakers/Documentos/projetoSensor/sensor/vendor/laravel/framework/src/Illuminate/Database/Connection.php(502): Illuminate\\Database\\Connection->run()
#2 /home/ofmakers/Documentos/projetoSensor/sensor/vendor/laravel/framework/src/Illuminate/Database/Schema/Blueprint.php(109): Illuminate\\Database\\Connection->statement()
#3 /home/ofmakers/Documentos/projetoSensor/sensor/vendor/laravel/framework/src/Illuminate/Database/Schema/Builder.php(364): Illuminate\\Database\\Schema\\Blueprint->build()
#4 /home/ofmakers/Documentos/projetoSensor/sensor/vendor/laravel/framework/src/Illuminate/Database/Schema/Builder.php(227): Illuminate\\Database\\Schema\\Builder->build()
#5 /home/ofmakers/Documentos/projetoSensor/sensor/vendor/laravel/framework/src/Illuminate/Support/Facades/Facade.php(261): Illuminate\\Database\\Schema\\Builder->create()
#6 /home/ofmakers/Documentos/projetoSensor/sensor/database/migrations/2023_05_31_191650_create_dados_table.php(19): Illuminate\\Support\\Facades\\Facade::__callStatic()
#7 /home/ofmakers/Documentos/projetoSensor/sensor/vendor/laravel/framework/src/Illuminate/Database/Migrations/Migrator.php(472): CreateDadosTable->up()
#8 /home/ofmakers/Documentos/projetoSensor/sensor/vendor/laravel/framework/src/Illuminate/Database/Migrations/Migrator.php(394): Illuminate\\Database\\Migrations\\Migrator->runMethod()
#9 /home/ofmakers/Documentos/projetoSensor/sensor/vendor/laravel/framework/src/Illuminate/Database/Migrations/Migrator.php(403): Illuminate\\Database\\Migrations\\Migrator->Illuminate\\Database\\Migrations\\{closure}()
#10 /home/ofmakers/Documentos/projetoSensor/sensor/vendor/laravel/framework/src/Illuminate/Database/Migrations/Migrator.php(202): Illuminate\\Database\\Migrations\\Migrator->runMigration()
#11 /home/ofmakers/Documentos/projetoSensor/sensor/vendor/laravel/framework/src/Illuminate/Database/Migrations/Migrator.php(167): Illuminate\\Database\\Migrations\\Migrator->runUp()
#12 /home/ofmakers/Documentos/projetoSensor/sensor/vendor/laravel/framework/src/Illuminate/Database/Migrations/Migrator.php(112): Illuminate\\Database\\Migrations\\Migrator->runPending()
#13 /home/ofmakers/Documentos/projetoSensor/sensor/vendor/laravel/framework/src/Illuminate/Database/Console/Migrations/MigrateCommand.php(86): Illuminate\\Database\\Migrations\\Migrator->run()
#14 /home/ofmakers/Documentos/projetoSensor/sensor/vendor/laravel/framework/src/Illuminate/Database/Migrations/Migrator.php(606): Illuminate\\Database\\Console\\Migrations\\MigrateCommand->Illuminate\\Database\\Console\\Migrations\\{closure}()
#15 /home/ofmakers/Documentos/projetoSensor/sensor/vendor/laravel/framework/src/Illuminate/Database/Console/Migrations/MigrateCommand.php(98): Illuminate\\Database\\Migrations\\Migrator->usingConnection()
#16 /home/ofmakers/Documentos/projetoSensor/sensor/vendor/laravel/framework/src/Illuminate/Container/BoundMethod.php(36): Illuminate\\Database\\Console\\Migrations\\MigrateCommand->handle()
#17 /home/ofmakers/Documentos/projetoSensor/sensor/vendor/laravel/framework/src/Illuminate/Container/Util.php(40): Illuminate\\Container\\BoundMethod::Illuminate\\Container\\{closure}()
#18 /home/ofmakers/Documentos/projetoSensor/sensor/vendor/laravel/framework/src/Illuminate/Container/BoundMethod.php(93): Illuminate\\Container\\Util::unwrapIfClosure()
#19 /home/ofmakers/Documentos/projetoSensor/sensor/vendor/laravel/framework/src/Illuminate/Container/BoundMethod.php(37): Illuminate\\Container\\BoundMethod::callBoundMethod()
#20 /home/ofmakers/Documentos/projetoSensor/sensor/vendor/laravel/framework/src/Illuminate/Container/Container.php(653): Illuminate\\Container\\BoundMethod::call()
#21 /home/ofmakers/Documentos/projetoSensor/sensor/vendor/laravel/framework/src/Illuminate/Console/Command.php(136): Illuminate\\Container\\Container->call()
#22 /home/ofmakers/Documentos/projetoSensor/sensor/vendor/symfony/console/Command/Command.php(298): Illuminate\\Console\\Command->execute()
#23 /home/ofmakers/Documentos/projetoSensor/sensor/vendor/laravel/framework/src/Illuminate/Console/Command.php(121): Symfony\\Component\\Console\\Command\\Command->run()
#24 /home/ofmakers/Documentos/projetoSensor/sensor/vendor/symfony/console/Application.php(1040): Illuminate\\Console\\Command->run()
#25 /home/ofmakers/Documentos/projetoSensor/sensor/vendor/symfony/console/Application.php(301): Symfony\\Component\\Console\\Application->doRunCommand()
#26 /home/ofmakers/Documentos/projetoSensor/sensor/vendor/symfony/console/Application.php(171): Symfony\\Component\\Console\\Application->doRun()
#27 /home/ofmakers/Documentos/projetoSensor/sensor/vendor/laravel/framework/src/Illuminate/Console/Application.php(94): Symfony\\Component\\Console\\Application->run()
#28 /home/ofmakers/Documentos/projetoSensor/sensor/vendor/laravel/framework/src/Illuminate/Foundation/Console/Kernel.php(129): Illuminate\\Console\\Application->run()
#29 /home/ofmakers/Documentos/projetoSensor/sensor/artisan(37): Illuminate\\Foundation\\Console\\Kernel->handle()
#30 {main}

[previous exception] [object] (PDOException(code: 42S01): SQLSTATE[42S01]: Base table or view already exists: 1050 Table 'dados' already exists at /home/ofmakers/Documentos/projetoSensor/sensor/vendor/laravel/framework/src/Illuminate/Database/Connection.php:501)
[stacktrace]
#0 /home/ofmakers/Documentos/projetoSensor/sensor/vendor/laravel/framework/src/Illuminate/Database/Connection.php(501): PDOStatement->execute()
#1 /home/ofmakers/Documentos/projetoSensor/sensor/vendor/laravel/framework/src/Illuminate/Database/Connection.php(705): Illuminate\\Database\\Connection->Illuminate\\Database\\{closure}()
#2 /home/ofmakers/Documentos/projetoSensor/sensor/vendor/laravel/framework/src/Illuminate/Database/Connection.php(672): Illuminate\\Database\\Connection->runQueryCallback()
#3 /home/ofmakers/Documentos/projetoSensor/sensor/vendor/laravel/framework/src/Illuminate/Database/Connection.php(502): Illuminate\\Database\\Connection->run()
#4 /home/ofmakers/Documentos/projetoSensor/sensor/vendor/laravel/framework/src/Illuminate/Database/Schema/Blueprint.php(109): Illuminate\\Database\\Connection->statement()
#5 /home/ofmakers/Documentos/projetoSensor/sensor/vendor/laravel/framework/src/Illuminate/Database/Schema/Builder.php(364): Illuminate\\Database\\Schema\\Blueprint->build()
#6 /home/ofmakers/Documentos/projetoSensor/sensor/vendor/laravel/framework/src/Illuminate/Database/Schema/Builder.php(227): Illuminate\\Database\\Schema\\Builder->build()
#7 /home/ofmakers/Documentos/projetoSensor/sensor/vendor/laravel/framework/src/Illuminate/Support/Facades/Facade.php(261): Illuminate\\Database\\Schema\\Builder->create()
#8 /home/ofmakers/Documentos/projetoSensor/sensor/database/migrations/2023_05_31_191650_create_dados_table.php(19): Illuminate\\Support\\Facades\\Facade::__callStatic()
#9 /home/ofmakers/Documentos/projetoSensor/sensor/vendor/laravel/framework/src/Illuminate/Database/Migrations/Migrator.php(472): CreateDadosTable->up()
#10 /home/ofmakers/Documentos/projetoSensor/sensor/vendor/laravel/framework/src/Illuminate/Database/Migrations/Migrator.php(394): Illuminate\\Database\\Migrations\\Migrator->runMethod()
#11 /home/ofmakers/Documentos/projetoSensor/sensor/vendor/laravel/framework/src/Illuminate/Database/Migrations/Migrator.php(403): Illuminate\\Database\\Migrations\\Migrator->Illuminate\\Database\\Migrations\\{closure}()
#12 /home/ofmakers/Documentos/projetoSensor/sensor/vendor/laravel/framework/src/Illuminate/Database/Migrations/Migrator.php(202): Illuminate\\Database\\Migrations\\Migrator->runMigration()
#13 /home/ofmakers/Documentos/projetoSensor/sensor/vendor/laravel/framework/src/Illuminate/Database/Migrations/Migrator.php(167): Illuminate\\Database\\Migrations\\Migrator->runUp()
#14 /home/ofmakers/Documentos/projetoSensor/sensor/vendor/laravel/framework/src/Illuminate/Database/Migrations/Migrator.php(112): Illuminate\\Database\\Migrations\\Migrator->runPending()
#15 /home/ofmakers/Documentos/projetoSensor/sensor/vendor/laravel/framework/src/Illuminate/Database/Console/Migrations/MigrateCommand.php(86): Illuminate\\Database\\Migrations\\Migrator->run()
#16 /home/ofmakers/Documentos/projetoSensor/sensor/vendor/laravel/framework/src/Illuminate/Database/Migrations/Migrator.php(606): Illuminate\\Database\\Console\\Migrations\\MigrateCommand->Illuminate\\Database\\Console\\Migrations\\{closure}()
#17 /home/ofmakers/Documentos/projetoSensor/sensor/vendor/laravel/framework/src/Illuminate/Database/Console/Migrations/MigrateCommand.php(98): Illuminate\\Database\\Migrations\\Migrator->usingConnection()
#18 /home/ofmakers/Documentos/projetoSensor/sensor/vendor/laravel/framework/src/Illuminate/Container/BoundMethod.php(36): Illuminate\\Database\\Console\\Migrations\\MigrateCommand->handle()
#19 /home/ofmakers/Documentos/projetoSensor/sensor/vendor/laravel/framework/src/Illuminate/Container/Util.php(40): Illuminate\\Container\\BoundMethod::Illuminate\\Container\\{closure}()
#20 /home/ofmakers/Documentos/projetoSensor/sensor/vendor/laravel/framework/src/Illuminate/Container/BoundMethod.php(93): Illuminate\\Container\\Util::unwrapIfClosure()
#21 /home/ofmakers/Documentos/projetoSensor/sensor/vendor/laravel/framework/src/Illuminate/Container/BoundMethod.php(37): Illuminate\\Container\\BoundMethod::callBoundMethod()
#22 /home/ofmakers/Documentos/projetoSensor/sensor/vendor/laravel/framework/src/Illuminate/Container/Container.php(653): Illuminate\\Container\\BoundMethod::call()
#23 /home/ofmakers/Documentos/projetoSensor/sensor/vendor/laravel/framework/src/Illuminate/Console/Command.php(136): Illuminate\\Container\\Container->call()
#24 /home/ofmakers/Documentos/projetoSensor/sensor/vendor/symfony/console/Command/Command.php(298): Illuminate\\Console\\Command->execute()
#25 /home/ofmakers/Documentos/projetoSensor/sensor/vendor/laravel/framework/src/Illuminate/Console/Command.php(121): Symfony\\Component\\Console\\Command\\Command->run()
#26 /home/ofmakers/Documentos/projetoSensor/sensor/vendor/symfony/console/Application.php(1040): Illuminate\\Console\\Command->run()
#27 /home/ofmakers/Documentos/projetoSensor/sensor/vendor/symfony/console/Application.php(301): Symfony\\Component\\Console\\Application->doRunCommand()
#28 /home/ofmakers/Documentos/projetoSensor/sensor/vendor/symfony/console/Application.php(171): Symfony\\Component\\Console\\Application->doRun()
#29 /home/ofmakers/Documentos/projetoSensor/sensor/vendor/laravel/framework/src/Illuminate/Console/Application.php(94): Symfony\\Component\\Console\\Application->run()
#30 /home/ofmakers/Documentos/projetoSensor/sensor/vendor/laravel/framework/src/Illuminate/Foundation/Console/Kernel.php(129): Illuminate\\Console\\Application->run()
#31 /home/ofmakers/Documentos/projetoSensor/sensor/artisan(37): Illuminate\\Foundation\\Console\\Kernel->handle()
#32 {main}
"} 
[2023-05-31 19:38:21] local.ERROR: There are no commands defined in the "lang" namespace. {"exception":"[object] (Symfony\\Component\\Console\\Exception\\NamespaceNotFoundException(code: 0): There are no commands defined in the \"lang\" namespace. at /home/ofmakers/Documentos/projetoSensor/sensor/vendor/symfony/console/Application.php:650)
[stacktrace]
#0 /home/ofmakers/Documentos/projetoSensor/sensor/vendor/symfony/console/Application.php(701): Symfony\\Component\\Console\\Application->findNamespace()
#1 /home/ofmakers/Documentos/projetoSensor/sensor/vendor/symfony/console/Application.php(259): Symfony\\Component\\Console\\Application->find()
#2 /home/ofmakers/Documentos/projetoSensor/sensor/vendor/symfony/console/Application.php(171): Symfony\\Component\\Console\\Application->doRun()
#3 /home/ofmakers/Documentos/projetoSensor/sensor/vendor/laravel/framework/src/Illuminate/Console/Application.php(94): Symfony\\Component\\Console\\Application->run()
#4 /home/ofmakers/Documentos/projetoSensor/sensor/vendor/laravel/framework/src/Illuminate/Foundation/Console/Kernel.php(129): Illuminate\\Console\\Application->run()
#5 /home/ofmakers/Documentos/projetoSensor/sensor/artisan(37): Illuminate\\Foundation\\Console\\Kernel->handle()
#6 {main}
"} 
[2023-05-31 19:42:08] local.ERROR: There are no commands defined in the "lang" namespace. {"exception":"[object] (Symfony\\Component\\Console\\Exception\\NamespaceNotFoundException(code: 0): There are no commands defined in the \"lang\" namespace. at /home/ofmakers/Documentos/projetoSensor/sensor/vendor/symfony/console/Application.php:650)
[stacktrace]
#0 /home/ofmakers/Documentos/projetoSensor/sensor/vendor/symfony/console/Application.php(701): Symfony\\Component\\Console\\Application->findNamespace()
#1 /home/ofmakers/Documentos/projetoSensor/sensor/vendor/symfony/console/Application.php(259): Symfony\\Component\\Console\\Application->find()
#2 /home/ofmakers/Documentos/projetoSensor/sensor/vendor/symfony/console/Application.php(171): Symfony\\Component\\Console\\Application->doRun()
#3 /home/ofmakers/Documentos/projetoSensor/sensor/vendor/laravel/framework/src/Illuminate/Console/Application.php(94): Symfony\\Component\\Console\\Application->run()
#4 /home/ofmakers/Documentos/projetoSensor/sensor/vendor/laravel/framework/src/Illuminate/Foundation/Console/Kernel.php(129): Illuminate\\Console\\Application->run()
#5 /home/ofmakers/Documentos/projetoSensor/sensor/artisan(37): Illuminate\\Foundation\\Console\\Kernel->handle()
#6 {main}
"} 
[2023-06-20 11:34:37] production.ERROR: Target class [Fruitcake\Cors\HandleCors] does not exist. {"exception":"[object] (Illuminate\\Contracts\\Container\\BindingResolutionException(code: 0): Target class [Fruitcake\\Cors\\HandleCors] does not exist. at /home/ofmakers/Documentos/ofmakers/projetoSensor/sensor/vendor/laravel/framework/src/Illuminate/Container/Container.php:916)
[stacktrace]
#0 /home/ofmakers/Documentos/ofmakers/projetoSensor/sensor/vendor/laravel/framework/src/Illuminate/Container/Container.php(795): Illuminate\\Container\\Container->build()
#1 /home/ofmakers/Documentos/ofmakers/projetoSensor/sensor/vendor/laravel/framework/src/Illuminate/Foundation/Application.php(933): Illuminate\\Container\\Container->resolve()
#2 /home/ofmakers/Documentos/ofmakers/projetoSensor/sensor/vendor/laravel/framework/src/Illuminate/Container/Container.php(731): Illuminate\\Foundation\\Application->resolve()
#3 /home/ofmakers/Documentos/ofmakers/projetoSensor/sensor/vendor/laravel/framework/src/Illuminate/Foundation/Application.php(918): Illuminate\\Container\\Container->make()
#4 /home/ofmakers/Documentos/ofmakers/projetoSensor/sensor/vendor/laravel/framework/src/Illuminate/Pipeline/Pipeline.php(169): Illuminate\\Foundation\\Application->make()
#5 /home/ofmakers/Documentos/ofmakers/projetoSensor/sensor/vendor/laravel/framework/src/Illuminate/Http/Middleware/TrustProxies.php(39): Illuminate\\Pipeline\\Pipeline->Illuminate\\Pipeline\\{closure}()
#6 /home/ofmakers/Documentos/ofmakers/projetoSensor/sensor/vendor/laravel/framework/src/Illuminate/Pipeline/Pipeline.php(180): Illuminate\\Http\\Middleware\\TrustProxies->handle()
#7 /home/ofmakers/Documentos/ofmakers/projetoSensor/sensor/vendor/laravel/framework/src/Illuminate/Pipeline/Pipeline.php(116): Illuminate\\Pipeline\\Pipeline->Illuminate\\Pipeline\\{closure}()
#8 /home/ofmakers/Documentos/ofmakers/projetoSensor/sensor/vendor/laravel/framework/src/Illuminate/Foundation/Http/Kernel.php(175): Illuminate\\Pipeline\\Pipeline->then()
#9 /home/ofmakers/Documentos/ofmakers/projetoSensor/sensor/vendor/laravel/framework/src/Illuminate/Foundation/Http/Kernel.php(144): Illuminate\\Foundation\\Http\\Kernel->sendRequestThroughRouter()
#10 /home/ofmakers/Documentos/ofmakers/projetoSensor/sensor/public/index.php(52): Illuminate\\Foundation\\Http\\Kernel->handle()
#11 /home/ofmakers/Documentos/ofmakers/projetoSensor/sensor/server.php(21): require_once('...')
#12 {main}

[previous exception] [object] (ReflectionException(code: -1): Class \"Fruitcake\\Cors\\HandleCors\" does not exist at /home/ofmakers/Documentos/ofmakers/projetoSensor/sensor/vendor/laravel/framework/src/Illuminate/Container/Container.php:914)
[stacktrace]
#0 /home/ofmakers/Documentos/ofmakers/projetoSensor/sensor/vendor/laravel/framework/src/Illuminate/Container/Container.php(914): ReflectionClass->__construct()
#1 /home/ofmakers/Documentos/ofmakers/projetoSensor/sensor/vendor/laravel/framework/src/Illuminate/Container/Container.php(795): Illuminate\\Container\\Container->build()
#2 /home/ofmakers/Documentos/ofmakers/projetoSensor/sensor/vendor/laravel/framework/src/Illuminate/Foundation/Application.php(933): Illuminate\\Container\\Container->resolve()
#3 /home/ofmakers/Documentos/ofmakers/projetoSensor/sensor/vendor/laravel/framework/src/Illuminate/Container/Container.php(731): Illuminate\\Foundation\\Application->resolve()
#4 /home/ofmakers/Documentos/ofmakers/projetoSensor/sensor/vendor/laravel/framework/src/Illuminate/Foundation/Application.php(918): Illuminate\\Container\\Container->make()
#5 /home/ofmakers/Documentos/ofmakers/projetoSensor/sensor/vendor/laravel/framework/src/Illuminate/Pipeline/Pipeline.php(169): Illuminate\\Foundation\\Application->make()
#6 /home/ofmakers/Documentos/ofmakers/projetoSensor/sensor/vendor/laravel/framework/src/Illuminate/Http/Middleware/TrustProxies.php(39): Illuminate\\Pipeline\\Pipeline->Illuminate\\Pipeline\\{closure}()
#7 /home/ofmakers/Documentos/ofmakers/projetoSensor/sensor/vendor/laravel/framework/src/Illuminate/Pipeline/Pipeline.php(180): Illuminate\\Http\\Middleware\\TrustProxies->handle()
#8 /home/ofmakers/Documentos/ofmakers/projetoSensor/sensor/vendor/laravel/framework/src/Illuminate/Pipeline/Pipeline.php(116): Illuminate\\Pipeline\\Pipeline->Illuminate\\Pipeline\\{closure}()
#9 /home/ofmakers/Documentos/ofmakers/projetoSensor/sensor/vendor/laravel/framework/src/Illuminate/Foundation/Http/Kernel.php(175): Illuminate\\Pipeline\\Pipeline->then()
#10 /home/ofmakers/Documentos/ofmakers/projetoSensor/sensor/vendor/laravel/framework/src/Illuminate/Foundation/Http/Kernel.php(144): Illuminate\\Foundation\\Http\\Kernel->sendRequestThroughRouter()
#11 /home/ofmakers/Documentos/ofmakers/projetoSensor/sensor/public/index.php(52): Illuminate\\Foundation\\Http\\Kernel->handle()
#12 /home/ofmakers/Documentos/ofmakers/projetoSensor/sensor/server.php(21): require_once('...')
#13 {main}
"} 
[2023-06-20 11:34:37] production.ERROR: Target class [Fruitcake\Cors\HandleCors] does not exist. {"exception":"[object] (Illuminate\\Contracts\\Container\\BindingResolutionException(code: 0): Target class [Fruitcake\\Cors\\HandleCors] does not exist. at /home/ofmakers/Documentos/ofmakers/projetoSensor/sensor/vendor/laravel/framework/src/Illuminate/Container/Container.php:916)
[stacktrace]
#0 /home/ofmakers/Documentos/ofmakers/projetoSensor/sensor/vendor/laravel/framework/src/Illuminate/Container/Container.php(795): Illuminate\\Container\\Container->build()
#1 /home/ofmakers/Documentos/ofmakers/projetoSensor/sensor/vendor/laravel/framework/src/Illuminate/Foundation/Application.php(933): Illuminate\\Container\\Container->resolve()
#2 /home/ofmakers/Documentos/ofmakers/projetoSensor/sensor/vendor/laravel/framework/src/Illuminate/Container/Container.php(731): Illuminate\\Foundation\\Application->resolve()
#3 /home/ofmakers/Documentos/ofmakers/projetoSensor/sensor/vendor/laravel/framework/src/Illuminate/Foundation/Application.php(918): Illuminate\\Container\\Container->make()
#4 /home/ofmakers/Documentos/ofmakers/projetoSensor/sensor/vendor/laravel/framework/src/Illuminate/Foundation/Http/Kernel.php(249): Illuminate\\Foundation\\Application->make()
#5 /home/ofmakers/Documentos/ofmakers/projetoSensor/sensor/vendor/laravel/framework/src/Illuminate/Foundation/Http/Kernel.php(213): Illuminate\\Foundation\\Http\\Kernel->terminateMiddleware()
#6 /home/ofmakers/Documentos/ofmakers/projetoSensor/sensor/public/index.php(55): Illuminate\\Foundation\\Http\\Kernel->terminate()
#7 /home/ofmakers/Documentos/ofmakers/projetoSensor/sensor/server.php(21): require_once('...')
#8 {main}

[previous exception] [object] (ReflectionException(code: -1): Class \"Fruitcake\\Cors\\HandleCors\" does not exist at /home/ofmakers/Documentos/ofmakers/projetoSensor/sensor/vendor/laravel/framework/src/Illuminate/Container/Container.php:914)
[stacktrace]
#0 /home/ofmakers/Documentos/ofmakers/projetoSensor/sensor/vendor/laravel/framework/src/Illuminate/Container/Container.php(914): ReflectionClass->__construct()
#1 /home/ofmakers/Documentos/ofmakers/projetoSensor/sensor/vendor/laravel/framework/src/Illuminate/Container/Container.php(795): Illuminate\\Container\\Container->build()
#2 /home/ofmakers/Documentos/ofmakers/projetoSensor/sensor/vendor/laravel/framework/src/Illuminate/Foundation/Application.php(933): Illuminate\\Container\\Container->resolve()
#3 /home/ofmakers/Documentos/ofmakers/projetoSensor/sensor/vendor/laravel/framework/src/Illuminate/Container/Container.php(731): Illuminate\\Foundation\\Application->resolve()
#4 /home/ofmakers/Documentos/ofmakers/projetoSensor/sensor/vendor/laravel/framework/src/Illuminate/Foundation/Application.php(918): Illuminate\\Container\\Container->make()
#5 /home/ofmakers/Documentos/ofmakers/projetoSensor/sensor/vendor/laravel/framework/src/Illuminate/Foundation/Http/Kernel.php(249): Illuminate\\Foundation\\Application->make()
#6 /home/ofmakers/Documentos/ofmakers/projetoSensor/sensor/vendor/laravel/framework/src/Illuminate/Foundation/Http/Kernel.php(213): Illuminate\\Foundation\\Http\\Kernel->terminateMiddleware()
#7 /home/ofmakers/Documentos/ofmakers/projetoSensor/sensor/public/index.php(55): Illuminate\\Foundation\\Http\\Kernel->terminate()
#8 /home/ofmakers/Documentos/ofmakers/projetoSensor/sensor/server.php(21): require_once('...')
#9 {main}
"} 
[2023-06-21 12:37:59] production.ERROR: Target class [Fruitcake\Cors\HandleCors] does not exist. {"exception":"[object] (Illuminate\\Contracts\\Container\\BindingResolutionException(code: 0): Target class [Fruitcake\\Cors\\HandleCors] does not exist. at /home/ofmakers/Documentos/ofmakers/projetoSensor/sensor/vendor/laravel/framework/src/Illuminate/Container/Container.php:916)
[stacktrace]
#0 /home/ofmakers/Documentos/ofmakers/projetoSensor/sensor/vendor/laravel/framework/src/Illuminate/Container/Container.php(795): Illuminate\\Container\\Container->build()
#1 /home/ofmakers/Documentos/ofmakers/projetoSensor/sensor/vendor/laravel/framework/src/Illuminate/Foundation/Application.php(933): Illuminate\\Container\\Container->resolve()
#2 /home/ofmakers/Documentos/ofmakers/projetoSensor/sensor/vendor/laravel/framework/src/Illuminate/Container/Container.php(731): Illuminate\\Foundation\\Application->resolve()
#3 /home/ofmakers/Documentos/ofmakers/projetoSensor/sensor/vendor/laravel/framework/src/Illuminate/Foundation/Application.php(918): Illuminate\\Container\\Container->make()
#4 /home/ofmakers/Documentos/ofmakers/projetoSensor/sensor/vendor/laravel/framework/src/Illuminate/Pipeline/Pipeline.php(169): Illuminate\\Foundation\\Application->make()
#5 /home/ofmakers/Documentos/ofmakers/projetoSensor/sensor/vendor/laravel/framework/src/Illuminate/Http/Middleware/TrustProxies.php(39): Illuminate\\Pipeline\\Pipeline->Illuminate\\Pipeline\\{closure}()
#6 /home/ofmakers/Documentos/ofmakers/projetoSensor/sensor/vendor/laravel/framework/src/Illuminate/Pipeline/Pipeline.php(180): Illuminate\\Http\\Middleware\\TrustProxies->handle()
#7 /home/ofmakers/Documentos/ofmakers/projetoSensor/sensor/vendor/laravel/framework/src/Illuminate/Pipeline/Pipeline.php(116): Illuminate\\Pipeline\\Pipeline->Illuminate\\Pipeline\\{closure}()
#8 /home/ofmakers/Documentos/ofmakers/projetoSensor/sensor/vendor/laravel/framework/src/Illuminate/Foundation/Http/Kernel.php(175): Illuminate\\Pipeline\\Pipeline->then()
#9 /home/ofmakers/Documentos/ofmakers/projetoSensor/sensor/vendor/laravel/framework/src/Illuminate/Foundation/Http/Kernel.php(144): Illuminate\\Foundation\\Http\\Kernel->sendRequestThroughRouter()
#10 /home/ofmakers/Documentos/ofmakers/projetoSensor/sensor/public/index.php(52): Illuminate\\Foundation\\Http\\Kernel->handle()
#11 /home/ofmakers/Documentos/ofmakers/projetoSensor/sensor/server.php(21): require_once('...')
#12 {main}

[previous exception] [object] (ReflectionException(code: -1): Class \"Fruitcake\\Cors\\HandleCors\" does not exist at /home/ofmakers/Documentos/ofmakers/projetoSensor/sensor/vendor/laravel/framework/src/Illuminate/Container/Container.php:914)
[stacktrace]
#0 /home/ofmakers/Documentos/ofmakers/projetoSensor/sensor/vendor/laravel/framework/src/Illuminate/Container/Container.php(914): ReflectionClass->__construct()
#1 /home/ofmakers/Documentos/ofmakers/projetoSensor/sensor/vendor/laravel/framework/src/Illuminate/Container/Container.php(795): Illuminate\\Container\\Container->build()
#2 /home/ofmakers/Documentos/ofmakers/projetoSensor/sensor/vendor/laravel/framework/src/Illuminate/Foundation/Application.php(933): Illuminate\\Container\\Container->resolve()
#3 /home/ofmakers/Documentos/ofmakers/projetoSensor/sensor/vendor/laravel/framework/src/Illuminate/Container/Container.php(731): Illuminate\\Foundation\\Application->resolve()
#4 /home/ofmakers/Documentos/ofmakers/projetoSensor/sensor/vendor/laravel/framework/src/Illuminate/Foundation/Application.php(918): Illuminate\\Container\\Container->make()
#5 /home/ofmakers/Documentos/ofmakers/projetoSensor/sensor/vendor/laravel/framework/src/Illuminate/Pipeline/Pipeline.php(169): Illuminate\\Foundation\\Application->make()
#6 /home/ofmakers/Documentos/ofmakers/projetoSensor/sensor/vendor/laravel/framework/src/Illuminate/Http/Middleware/TrustProxies.php(39): Illuminate\\Pipeline\\Pipeline->Illuminate\\Pipeline\\{closure}()
#7 /home/ofmakers/Documentos/ofmakers/projetoSensor/sensor/vendor/laravel/framework/src/Illuminate/Pipeline/Pipeline.php(180): Illuminate\\Http\\Middleware\\TrustProxies->handle()
#8 /home/ofmakers/Documentos/ofmakers/projetoSensor/sensor/vendor/laravel/framework/src/Illuminate/Pipeline/Pipeline.php(116): Illuminate\\Pipeline\\Pipeline->Illuminate\\Pipeline\\{closure}()
#9 /home/ofmakers/Documentos/ofmakers/projetoSensor/sensor/vendor/laravel/framework/src/Illuminate/Foundation/Http/Kernel.php(175): Illuminate\\Pipeline\\Pipeline->then()
#10 /home/ofmakers/Documentos/ofmakers/projetoSensor/sensor/vendor/laravel/framework/src/Illuminate/Foundation/Http/Kernel.php(144): Illuminate\\Foundation\\Http\\Kernel->sendRequestThroughRouter()
#11 /home/ofmakers/Documentos/ofmakers/projetoSensor/sensor/public/index.php(52): Illuminate\\Foundation\\Http\\Kernel->handle()
#12 /home/ofmakers/Documentos/ofmakers/projetoSensor/sensor/server.php(21): require_once('...')
#13 {main}
"} 
[2023-06-21 12:37:59] production.ERROR: Target class [Fruitcake\Cors\HandleCors] does not exist. {"exception":"[object] (Illuminate\\Contracts\\Container\\BindingResolutionException(code: 0): Target class [Fruitcake\\Cors\\HandleCors] does not exist. at /home/ofmakers/Documentos/ofmakers/projetoSensor/sensor/vendor/laravel/framework/src/Illuminate/Container/Container.php:916)
[stacktrace]
#0 /home/ofmakers/Documentos/ofmakers/projetoSensor/sensor/vendor/laravel/framework/src/Illuminate/Container/Container.php(795): Illuminate\\Container\\Container->build()
#1 /home/ofmakers/Documentos/ofmakers/projetoSensor/sensor/vendor/laravel/framework/src/Illuminate/Foundation/Application.php(933): Illuminate\\Container\\Container->resolve()
#2 /home/ofmakers/Documentos/ofmakers/projetoSensor/sensor/vendor/laravel/framework/src/Illuminate/Container/Container.php(731): Illuminate\\Foundation\\Application->resolve()
#3 /home/ofmakers/Documentos/ofmakers/projetoSensor/sensor/vendor/laravel/framework/src/Illuminate/Foundation/Application.php(918): Illuminate\\Container\\Container->make()
#4 /home/ofmakers/Documentos/ofmakers/projetoSensor/sensor/vendor/laravel/framework/src/Illuminate/Foundation/Http/Kernel.php(249): Illuminate\\Foundation\\Application->make()
#5 /home/ofmakers/Documentos/ofmakers/projetoSensor/sensor/vendor/laravel/framework/src/Illuminate/Foundation/Http/Kernel.php(213): Illuminate\\Foundation\\Http\\Kernel->terminateMiddleware()
#6 /home/ofmakers/Documentos/ofmakers/projetoSensor/sensor/public/index.php(55): Illuminate\\Foundation\\Http\\Kernel->terminate()
#7 /home/ofmakers/Documentos/ofmakers/projetoSensor/sensor/server.php(21): require_once('...')
#8 {main}

[previous exception] [object] (ReflectionException(code: -1): Class \"Fruitcake\\Cors\\HandleCors\" does not exist at /home/ofmakers/Documentos/ofmakers/projetoSensor/sensor/vendor/laravel/framework/src/Illuminate/Container/Container.php:914)
[stacktrace]
#0 /home/ofmakers/Documentos/ofmakers/projetoSensor/sensor/vendor/laravel/framework/src/Illuminate/Container/Container.php(914): ReflectionClass->__construct()
#1 /home/ofmakers/Documentos/ofmakers/projetoSensor/sensor/vendor/laravel/framework/src/Illuminate/Container/Container.php(795): Illuminate\\Container\\Container->build()
#2 /home/ofmakers/Documentos/ofmakers/projetoSensor/sensor/vendor/laravel/framework/src/Illuminate/Foundation/Application.php(933): Illuminate\\Container\\Container->resolve()
#3 /home/ofmakers/Documentos/ofmakers/projetoSensor/sensor/vendor/laravel/framework/src/Illuminate/Container/Container.php(731): Illuminate\\Foundation\\Application->resolve()
#4 /home/ofmakers/Documentos/ofmakers/projetoSensor/sensor/vendor/laravel/framework/src/Illuminate/Foundation/Application.php(918): Illuminate\\Container\\Container->make()
#5 /home/ofmakers/Documentos/ofmakers/projetoSensor/sensor/vendor/laravel/framework/src/Illuminate/Foundation/Http/Kernel.php(249): Illuminate\\Foundation\\Application->make()
#6 /home/ofmakers/Documentos/ofmakers/projetoSensor/sensor/vendor/laravel/framework/src/Illuminate/Foundation/Http/Kernel.php(213): Illuminate\\Foundation\\Http\\Kernel->terminateMiddleware()
#7 /home/ofmakers/Documentos/ofmakers/projetoSensor/sensor/public/index.php(55): Illuminate\\Foundation\\Http\\Kernel->terminate()
#8 /home/ofmakers/Documentos/ofmakers/projetoSensor/sensor/server.php(21): require_once('...')
#9 {main}
"} 
[2023-06-21 12:38:11] production.ERROR: Target class [Fruitcake\Cors\HandleCors] does not exist. {"exception":"[object] (Illuminate\\Contracts\\Container\\BindingResolutionException(code: 0): Target class [Fruitcake\\Cors\\HandleCors] does not exist. at /home/ofmakers/Documentos/ofmakers/projetoSensor/sensor/vendor/laravel/framework/src/Illuminate/Container/Container.php:916)
[stacktrace]
#0 /home/ofmakers/Documentos/ofmakers/projetoSensor/sensor/vendor/laravel/framework/src/Illuminate/Container/Container.php(795): Illuminate\\Container\\Container->build()
#1 /home/ofmakers/Documentos/ofmakers/projetoSensor/sensor/vendor/laravel/framework/src/Illuminate/Foundation/Application.php(933): Illuminate\\Container\\Container->resolve()
#2 /home/ofmakers/Documentos/ofmakers/projetoSensor/sensor/vendor/laravel/framework/src/Illuminate/Container/Container.php(731): Illuminate\\Foundation\\Application->resolve()
#3 /home/ofmakers/Documentos/ofmakers/projetoSensor/sensor/vendor/laravel/framework/src/Illuminate/Foundation/Application.php(918): Illuminate\\Container\\Container->make()
#4 /home/ofmakers/Documentos/ofmakers/projetoSensor/sensor/vendor/laravel/framework/src/Illuminate/Pipeline/Pipeline.php(169): Illuminate\\Foundation\\Application->make()
#5 /home/ofmakers/Documentos/ofmakers/projetoSensor/sensor/vendor/laravel/framework/src/Illuminate/Http/Middleware/TrustProxies.php(39): Illuminate\\Pipeline\\Pipeline->Illuminate\\Pipeline\\{closure}()
#6 /home/ofmakers/Documentos/ofmakers/projetoSensor/sensor/vendor/laravel/framework/src/Illuminate/Pipeline/Pipeline.php(180): Illuminate\\Http\\Middleware\\TrustProxies->handle()
#7 /home/ofmakers/Documentos/ofmakers/projetoSensor/sensor/vendor/laravel/framework/src/Illuminate/Pipeline/Pipeline.php(116): Illuminate\\Pipeline\\Pipeline->Illuminate\\Pipeline\\{closure}()
#8 /home/ofmakers/Documentos/ofmakers/projetoSensor/sensor/vendor/laravel/framework/src/Illuminate/Foundation/Http/Kernel.php(175): Illuminate\\Pipeline\\Pipeline->then()
#9 /home/ofmakers/Documentos/ofmakers/projetoSensor/sensor/vendor/laravel/framework/src/Illuminate/Foundation/Http/Kernel.php(144): Illuminate\\Foundation\\Http\\Kernel->sendRequestThroughRouter()
#10 /home/ofmakers/Documentos/ofmakers/projetoSensor/sensor/public/index.php(52): Illuminate\\Foundation\\Http\\Kernel->handle()
#11 /home/ofmakers/Documentos/ofmakers/projetoSensor/sensor/server.php(21): require_once('...')
#12 {main}

[previous exception] [object] (ReflectionException(code: -1): Class \"Fruitcake\\Cors\\HandleCors\" does not exist at /home/ofmakers/Documentos/ofmakers/projetoSensor/sensor/vendor/laravel/framework/src/Illuminate/Container/Container.php:914)
[stacktrace]
#0 /home/ofmakers/Documentos/ofmakers/projetoSensor/sensor/vendor/laravel/framework/src/Illuminate/Container/Container.php(914): ReflectionClass->__construct()
#1 /home/ofmakers/Documentos/ofmakers/projetoSensor/sensor/vendor/laravel/framework/src/Illuminate/Container/Container.php(795): Illuminate\\Container\\Container->build()
#2 /home/ofmakers/Documentos/ofmakers/projetoSensor/sensor/vendor/laravel/framework/src/Illuminate/Foundation/Application.php(933): Illuminate\\Container\\Container->resolve()
#3 /home/ofmakers/Documentos/ofmakers/projetoSensor/sensor/vendor/laravel/framework/src/Illuminate/Container/Container.php(731): Illuminate\\Foundation\\Application->resolve()
#4 /home/ofmakers/Documentos/ofmakers/projetoSensor/sensor/vendor/laravel/framework/src/Illuminate/Foundation/Application.php(918): Illuminate\\Container\\Container->make()
#5 /home/ofmakers/Documentos/ofmakers/projetoSensor/sensor/vendor/laravel/framework/src/Illuminate/Pipeline/Pipeline.php(169): Illuminate\\Foundation\\Application->make()
#6 /home/ofmakers/Documentos/ofmakers/projetoSensor/sensor/vendor/laravel/framework/src/Illuminate/Http/Middleware/TrustProxies.php(39): Illuminate\\Pipeline\\Pipeline->Illuminate\\Pipeline\\{closure}()
#7 /home/ofmakers/Documentos/ofmakers/projetoSensor/sensor/vendor/laravel/framework/src/Illuminate/Pipeline/Pipeline.php(180): Illuminate\\Http\\Middleware\\TrustProxies->handle()
#8 /home/ofmakers/Documentos/ofmakers/projetoSensor/sensor/vendor/laravel/framework/src/Illuminate/Pipeline/Pipeline.php(116): Illuminate\\Pipeline\\Pipeline->Illuminate\\Pipeline\\{closure}()
#9 /home/ofmakers/Documentos/ofmakers/projetoSensor/sensor/vendor/laravel/framework/src/Illuminate/Foundation/Http/Kernel.php(175): Illuminate\\Pipeline\\Pipeline->then()
#10 /home/ofmakers/Documentos/ofmakers/projetoSensor/sensor/vendor/laravel/framework/src/Illuminate/Foundation/Http/Kernel.php(144): Illuminate\\Foundation\\Http\\Kernel->sendRequestThroughRouter()
#11 /home/ofmakers/Documentos/ofmakers/projetoSensor/sensor/public/index.php(52): Illuminate\\Foundation\\Http\\Kernel->handle()
#12 /home/ofmakers/Documentos/ofmakers/projetoSensor/sensor/server.php(21): require_once('...')
#13 {main}
"} 
[2023-06-21 12:38:11] production.ERROR: Target class [Fruitcake\Cors\HandleCors] does not exist. {"exception":"[object] (Illuminate\\Contracts\\Container\\BindingResolutionException(code: 0): Target class [Fruitcake\\Cors\\HandleCors] does not exist. at /home/ofmakers/Documentos/ofmakers/projetoSensor/sensor/vendor/laravel/framework/src/Illuminate/Container/Container.php:916)
[stacktrace]
#0 /home/ofmakers/Documentos/ofmakers/projetoSensor/sensor/vendor/laravel/framework/src/Illuminate/Container/Container.php(795): Illuminate\\Container\\Container->build()
#1 /home/ofmakers/Documentos/ofmakers/projetoSensor/sensor/vendor/laravel/framework/src/Illuminate/Foundation/Application.php(933): Illuminate\\Container\\Container->resolve()
#2 /home/ofmakers/Documentos/ofmakers/projetoSensor/sensor/vendor/laravel/framework/src/Illuminate/Container/Container.php(731): Illuminate\\Foundation\\Application->resolve()
#3 /home/ofmakers/Documentos/ofmakers/projetoSensor/sensor/vendor/laravel/framework/src/Illuminate/Foundation/Application.php(918): Illuminate\\Container\\Container->make()
#4 /home/ofmakers/Documentos/ofmakers/projetoSensor/sensor/vendor/laravel/framework/src/Illuminate/Foundation/Http/Kernel.php(249): Illuminate\\Foundation\\Application->make()
#5 /home/ofmakers/Documentos/ofmakers/projetoSensor/sensor/vendor/laravel/framework/src/Illuminate/Foundation/Http/Kernel.php(213): Illuminate\\Foundation\\Http\\Kernel->terminateMiddleware()
#6 /home/ofmakers/Documentos/ofmakers/projetoSensor/sensor/public/index.php(55): Illuminate\\Foundation\\Http\\Kernel->terminate()
#7 /home/ofmakers/Documentos/ofmakers/projetoSensor/sensor/server.php(21): require_once('...')
#8 {main}

[previous exception] [object] (ReflectionException(code: -1): Class \"Fruitcake\\Cors\\HandleCors\" does not exist at /home/ofmakers/Documentos/ofmakers/projetoSensor/sensor/vendor/laravel/framework/src/Illuminate/Container/Container.php:914)
[stacktrace]
#0 /home/ofmakers/Documentos/ofmakers/projetoSensor/sensor/vendor/laravel/framework/src/Illuminate/Container/Container.php(914): ReflectionClass->__construct()
#1 /home/ofmakers/Documentos/ofmakers/projetoSensor/sensor/vendor/laravel/framework/src/Illuminate/Container/Container.php(795): Illuminate\\Container\\Container->build()
#2 /home/ofmakers/Documentos/ofmakers/projetoSensor/sensor/vendor/laravel/framework/src/Illuminate/Foundation/Application.php(933): Illuminate\\Container\\Container->resolve()
#3 /home/ofmakers/Documentos/ofmakers/projetoSensor/sensor/vendor/laravel/framework/src/Illuminate/Container/Container.php(731): Illuminate\\Foundation\\Application->resolve()
#4 /home/ofmakers/Documentos/ofmakers/projetoSensor/sensor/vendor/laravel/framework/src/Illuminate/Foundation/Application.php(918): Illuminate\\Container\\Container->make()
#5 /home/ofmakers/Documentos/ofmakers/projetoSensor/sensor/vendor/laravel/framework/src/Illuminate/Foundation/Http/Kernel.php(249): Illuminate\\Foundation\\Application->make()
#6 /home/ofmakers/Documentos/ofmakers/projetoSensor/sensor/vendor/laravel/framework/src/Illuminate/Foundation/Http/Kernel.php(213): Illuminate\\Foundation\\Http\\Kernel->terminateMiddleware()
#7 /home/ofmakers/Documentos/ofmakers/projetoSensor/sensor/public/index.php(55): Illuminate\\Foundation\\Http\\Kernel->terminate()
#8 /home/ofmakers/Documentos/ofmakers/projetoSensor/sensor/server.php(21): require_once('...')
#9 {main}
"} 
[2023-06-21 12:40:29] production.ERROR: Target class [Fruitcake\Cors\HandleCors] does not exist. {"exception":"[object] (Illuminate\\Contracts\\Container\\BindingResolutionException(code: 0): Target class [Fruitcake\\Cors\\HandleCors] does not exist. at /home/ofmakers/Documentos/ofmakers/projetoSensor/sensor/vendor/laravel/framework/src/Illuminate/Container/Container.php:916)
[stacktrace]
#0 /home/ofmakers/Documentos/ofmakers/projetoSensor/sensor/vendor/laravel/framework/src/Illuminate/Container/Container.php(795): Illuminate\\Container\\Container->build()
#1 /home/ofmakers/Documentos/ofmakers/projetoSensor/sensor/vendor/laravel/framework/src/Illuminate/Foundation/Application.php(933): Illuminate\\Container\\Container->resolve()
#2 /home/ofmakers/Documentos/ofmakers/projetoSensor/sensor/vendor/laravel/framework/src/Illuminate/Container/Container.php(731): Illuminate\\Foundation\\Application->resolve()
#3 /home/ofmakers/Documentos/ofmakers/projetoSensor/sensor/vendor/laravel/framework/src/Illuminate/Foundation/Application.php(918): Illuminate\\Container\\Container->make()
#4 /home/ofmakers/Documentos/ofmakers/projetoSensor/sensor/vendor/laravel/framework/src/Illuminate/Pipeline/Pipeline.php(169): Illuminate\\Foundation\\Application->make()
#5 /home/ofmakers/Documentos/ofmakers/projetoSensor/sensor/vendor/laravel/framework/src/Illuminate/Http/Middleware/TrustProxies.php(39): Illuminate\\Pipeline\\Pipeline->Illuminate\\Pipeline\\{closure}()
#6 /home/ofmakers/Documentos/ofmakers/projetoSensor/sensor/vendor/laravel/framework/src/Illuminate/Pipeline/Pipeline.php(180): Illuminate\\Http\\Middleware\\TrustProxies->handle()
#7 /home/ofmakers/Documentos/ofmakers/projetoSensor/sensor/vendor/laravel/framework/src/Illuminate/Pipeline/Pipeline.php(116): Illuminate\\Pipeline\\Pipeline->Illuminate\\Pipeline\\{closure}()
#8 /home/ofmakers/Documentos/ofmakers/projetoSensor/sensor/vendor/laravel/framework/src/Illuminate/Foundation/Http/Kernel.php(175): Illuminate\\Pipeline\\Pipeline->then()
#9 /home/ofmakers/Documentos/ofmakers/projetoSensor/sensor/vendor/laravel/framework/src/Illuminate/Foundation/Http/Kernel.php(144): Illuminate\\Foundation\\Http\\Kernel->sendRequestThroughRouter()
#10 /home/ofmakers/Documentos/ofmakers/projetoSensor/sensor/public/index.php(52): Illuminate\\Foundation\\Http\\Kernel->handle()
#11 /home/ofmakers/Documentos/ofmakers/projetoSensor/sensor/server.php(21): require_once('...')
#12 {main}

[previous exception] [object] (ReflectionException(code: -1): Class \"Fruitcake\\Cors\\HandleCors\" does not exist at /home/ofmakers/Documentos/ofmakers/projetoSensor/sensor/vendor/laravel/framework/src/Illuminate/Container/Container.php:914)
[stacktrace]
#0 /home/ofmakers/Documentos/ofmakers/projetoSensor/sensor/vendor/laravel/framework/src/Illuminate/Container/Container.php(914): ReflectionClass->__construct()
#1 /home/ofmakers/Documentos/ofmakers/projetoSensor/sensor/vendor/laravel/framework/src/Illuminate/Container/Container.php(795): Illuminate\\Container\\Container->build()
#2 /home/ofmakers/Documentos/ofmakers/projetoSensor/sensor/vendor/laravel/framework/src/Illuminate/Foundation/Application.php(933): Illuminate\\Container\\Container->resolve()
#3 /home/ofmakers/Documentos/ofmakers/projetoSensor/sensor/vendor/laravel/framework/src/Illuminate/Container/Container.php(731): Illuminate\\Foundation\\Application->resolve()
#4 /home/ofmakers/Documentos/ofmakers/projetoSensor/sensor/vendor/laravel/framework/src/Illuminate/Foundation/Application.php(918): Illuminate\\Container\\Container->make()
#5 /home/ofmakers/Documentos/ofmakers/projetoSensor/sensor/vendor/laravel/framework/src/Illuminate/Pipeline/Pipeline.php(169): Illuminate\\Foundation\\Application->make()
#6 /home/ofmakers/Documentos/ofmakers/projetoSensor/sensor/vendor/laravel/framework/src/Illuminate/Http/Middleware/TrustProxies.php(39): Illuminate\\Pipeline\\Pipeline->Illuminate\\Pipeline\\{closure}()
#7 /home/ofmakers/Documentos/ofmakers/projetoSensor/sensor/vendor/laravel/framework/src/Illuminate/Pipeline/Pipeline.php(180): Illuminate\\Http\\Middleware\\TrustProxies->handle()
#8 /home/ofmakers/Documentos/ofmakers/projetoSensor/sensor/vendor/laravel/framework/src/Illuminate/Pipeline/Pipeline.php(116): Illuminate\\Pipeline\\Pipeline->Illuminate\\Pipeline\\{closure}()
#9 /home/ofmakers/Documentos/ofmakers/projetoSensor/sensor/vendor/laravel/framework/src/Illuminate/Foundation/Http/Kernel.php(175): Illuminate\\Pipeline\\Pipeline->then()
#10 /home/ofmakers/Documentos/ofmakers/projetoSensor/sensor/vendor/laravel/framework/src/Illuminate/Foundation/Http/Kernel.php(144): Illuminate\\Foundation\\Http\\Kernel->sendRequestThroughRouter()
#11 /home/ofmakers/Documentos/ofmakers/projetoSensor/sensor/public/index.php(52): Illuminate\\Foundation\\Http\\Kernel->handle()
#12 /home/ofmakers/Documentos/ofmakers/projetoSensor/sensor/server.php(21): require_once('...')
#13 {main}
"} 
[2023-06-21 12:40:29] production.ERROR: Target class [Fruitcake\Cors\HandleCors] does not exist. {"exception":"[object] (Illuminate\\Contracts\\Container\\BindingResolutionException(code: 0): Target class [Fruitcake\\Cors\\HandleCors] does not exist. at /home/ofmakers/Documentos/ofmakers/projetoSensor/sensor/vendor/laravel/framework/src/Illuminate/Container/Container.php:916)
[stacktrace]
#0 /home/ofmakers/Documentos/ofmakers/projetoSensor/sensor/vendor/laravel/framework/src/Illuminate/Container/Container.php(795): Illuminate\\Container\\Container->build()
#1 /home/ofmakers/Documentos/ofmakers/projetoSensor/sensor/vendor/laravel/framework/src/Illuminate/Foundation/Application.php(933): Illuminate\\Container\\Container->resolve()
#2 /home/ofmakers/Documentos/ofmakers/projetoSensor/sensor/vendor/laravel/framework/src/Illuminate/Container/Container.php(731): Illuminate\\Foundation\\Application->resolve()
#3 /home/ofmakers/Documentos/ofmakers/projetoSensor/sensor/vendor/laravel/framework/src/Illuminate/Foundation/Application.php(918): Illuminate\\Container\\Container->make()
#4 /home/ofmakers/Documentos/ofmakers/projetoSensor/sensor/vendor/laravel/framework/src/Illuminate/Foundation/Http/Kernel.php(249): Illuminate\\Foundation\\Application->make()
#5 /home/ofmakers/Documentos/ofmakers/projetoSensor/sensor/vendor/laravel/framework/src/Illuminate/Foundation/Http/Kernel.php(213): Illuminate\\Foundation\\Http\\Kernel->terminateMiddleware()
#6 /home/ofmakers/Documentos/ofmakers/projetoSensor/sensor/public/index.php(55): Illuminate\\Foundation\\Http\\Kernel->terminate()
#7 /home/ofmakers/Documentos/ofmakers/projetoSensor/sensor/server.php(21): require_once('...')
#8 {main}

[previous exception] [object] (ReflectionException(code: -1): Class \"Fruitcake\\Cors\\HandleCors\" does not exist at /home/ofmakers/Documentos/ofmakers/projetoSensor/sensor/vendor/laravel/framework/src/Illuminate/Container/Container.php:914)
[stacktrace]
#0 /home/ofmakers/Documentos/ofmakers/projetoSensor/sensor/vendor/laravel/framework/src/Illuminate/Container/Container.php(914): ReflectionClass->__construct()
#1 /home/ofmakers/Documentos/ofmakers/projetoSensor/sensor/vendor/laravel/framework/src/Illuminate/Container/Container.php(795): Illuminate\\Container\\Container->build()
#2 /home/ofmakers/Documentos/ofmakers/projetoSensor/sensor/vendor/laravel/framework/src/Illuminate/Foundation/Application.php(933): Illuminate\\Container\\Container->resolve()
#3 /home/ofmakers/Documentos/ofmakers/projetoSensor/sensor/vendor/laravel/framework/src/Illuminate/Container/Container.php(731): Illuminate\\Foundation\\Application->resolve()
#4 /home/ofmakers/Documentos/ofmakers/projetoSensor/sensor/vendor/laravel/framework/src/Illuminate/Foundation/Application.php(918): Illuminate\\Container\\Container->make()
#5 /home/ofmakers/Documentos/ofmakers/projetoSensor/sensor/vendor/laravel/framework/src/Illuminate/Foundation/Http/Kernel.php(249): Illuminate\\Foundation\\Application->make()
#6 /home/ofmakers/Documentos/ofmakers/projetoSensor/sensor/vendor/laravel/framework/src/Illuminate/Foundation/Http/Kernel.php(213): Illuminate\\Foundation\\Http\\Kernel->terminateMiddleware()
#7 /home/ofmakers/Documentos/ofmakers/projetoSensor/sensor/public/index.php(55): Illuminate\\Foundation\\Http\\Kernel->terminate()
#8 /home/ofmakers/Documentos/ofmakers/projetoSensor/sensor/server.php(21): require_once('...')
#9 {main}
"} 
[2023-06-21 12:40:53] production.ERROR: Target class [Fruitcake\Cors\HandleCors] does not exist. {"exception":"[object] (Illuminate\\Contracts\\Container\\BindingResolutionException(code: 0): Target class [Fruitcake\\Cors\\HandleCors] does not exist. at /home/ofmakers/Documentos/ofmakers/projetoSensor/sensor/vendor/laravel/framework/src/Illuminate/Container/Container.php:916)
[stacktrace]
#0 /home/ofmakers/Documentos/ofmakers/projetoSensor/sensor/vendor/laravel/framework/src/Illuminate/Container/Container.php(795): Illuminate\\Container\\Container->build()
#1 /home/ofmakers/Documentos/ofmakers/projetoSensor/sensor/vendor/laravel/framework/src/Illuminate/Foundation/Application.php(933): Illuminate\\Container\\Container->resolve()
#2 /home/ofmakers/Documentos/ofmakers/projetoSensor/sensor/vendor/laravel/framework/src/Illuminate/Container/Container.php(731): Illuminate\\Foundation\\Application->resolve()
#3 /home/ofmakers/Documentos/ofmakers/projetoSensor/sensor/vendor/laravel/framework/src/Illuminate/Foundation/Application.php(918): Illuminate\\Container\\Container->make()
#4 /home/ofmakers/Documentos/ofmakers/projetoSensor/sensor/vendor/laravel/framework/src/Illuminate/Pipeline/Pipeline.php(169): Illuminate\\Foundation\\Application->make()
#5 /home/ofmakers/Documentos/ofmakers/projetoSensor/sensor/vendor/laravel/framework/src/Illuminate/Http/Middleware/TrustProxies.php(39): Illuminate\\Pipeline\\Pipeline->Illuminate\\Pipeline\\{closure}()
#6 /home/ofmakers/Documentos/ofmakers/projetoSensor/sensor/vendor/laravel/framework/src/Illuminate/Pipeline/Pipeline.php(180): Illuminate\\Http\\Middleware\\TrustProxies->handle()
#7 /home/ofmakers/Documentos/ofmakers/projetoSensor/sensor/vendor/laravel/framework/src/Illuminate/Pipeline/Pipeline.php(116): Illuminate\\Pipeline\\Pipeline->Illuminate\\Pipeline\\{closure}()
#8 /home/ofmakers/Documentos/ofmakers/projetoSensor/sensor/vendor/laravel/framework/src/Illuminate/Foundation/Http/Kernel.php(175): Illuminate\\Pipeline\\Pipeline->then()
#9 /home/ofmakers/Documentos/ofmakers/projetoSensor/sensor/vendor/laravel/framework/src/Illuminate/Foundation/Http/Kernel.php(144): Illuminate\\Foundation\\Http\\Kernel->sendRequestThroughRouter()
#10 /home/ofmakers/Documentos/ofmakers/projetoSensor/sensor/public/index.php(52): Illuminate\\Foundation\\Http\\Kernel->handle()
#11 /home/ofmakers/Documentos/ofmakers/projetoSensor/sensor/server.php(21): require_once('...')
#12 {main}

[previous exception] [object] (ReflectionException(code: -1): Class \"Fruitcake\\Cors\\HandleCors\" does not exist at /home/ofmakers/Documentos/ofmakers/projetoSensor/sensor/vendor/laravel/framework/src/Illuminate/Container/Container.php:914)
[stacktrace]
#0 /home/ofmakers/Documentos/ofmakers/projetoSensor/sensor/vendor/laravel/framework/src/Illuminate/Container/Container.php(914): ReflectionClass->__construct()
#1 /home/ofmakers/Documentos/ofmakers/projetoSensor/sensor/vendor/laravel/framework/src/Illuminate/Container/Container.php(795): Illuminate\\Container\\Container->build()
#2 /home/ofmakers/Documentos/ofmakers/projetoSensor/sensor/vendor/laravel/framework/src/Illuminate/Foundation/Application.php(933): Illuminate\\Container\\Container->resolve()
#3 /home/ofmakers/Documentos/ofmakers/projetoSensor/sensor/vendor/laravel/framework/src/Illuminate/Container/Container.php(731): Illuminate\\Foundation\\Application->resolve()
#4 /home/ofmakers/Documentos/ofmakers/projetoSensor/sensor/vendor/laravel/framework/src/Illuminate/Foundation/Application.php(918): Illuminate\\Container\\Container->make()
#5 /home/ofmakers/Documentos/ofmakers/projetoSensor/sensor/vendor/laravel/framework/src/Illuminate/Pipeline/Pipeline.php(169): Illuminate\\Foundation\\Application->make()
#6 /home/ofmakers/Documentos/ofmakers/projetoSensor/sensor/vendor/laravel/framework/src/Illuminate/Http/Middleware/TrustProxies.php(39): Illuminate\\Pipeline\\Pipeline->Illuminate\\Pipeline\\{closure}()
#7 /home/ofmakers/Documentos/ofmakers/projetoSensor/sensor/vendor/laravel/framework/src/Illuminate/Pipeline/Pipeline.php(180): Illuminate\\Http\\Middleware\\TrustProxies->handle()
#8 /home/ofmakers/Documentos/ofmakers/projetoSensor/sensor/vendor/laravel/framework/src/Illuminate/Pipeline/Pipeline.php(116): Illuminate\\Pipeline\\Pipeline->Illuminate\\Pipeline\\{closure}()
#9 /home/ofmakers/Documentos/ofmakers/projetoSensor/sensor/vendor/laravel/framework/src/Illuminate/Foundation/Http/Kernel.php(175): Illuminate\\Pipeline\\Pipeline->then()
#10 /home/ofmakers/Documentos/ofmakers/projetoSensor/sensor/vendor/laravel/framework/src/Illuminate/Foundation/Http/Kernel.php(144): Illuminate\\Foundation\\Http\\Kernel->sendRequestThroughRouter()
#11 /home/ofmakers/Documentos/ofmakers/projetoSensor/sensor/public/index.php(52): Illuminate\\Foundation\\Http\\Kernel->handle()
#12 /home/ofmakers/Documentos/ofmakers/projetoSensor/sensor/server.php(21): require_once('...')
#13 {main}
"} 
[2023-06-21 12:40:53] production.ERROR: Target class [Fruitcake\Cors\HandleCors] does not exist. {"exception":"[object] (Illuminate\\Contracts\\Container\\BindingResolutionException(code: 0): Target class [Fruitcake\\Cors\\HandleCors] does not exist. at /home/ofmakers/Documentos/ofmakers/projetoSensor/sensor/vendor/laravel/framework/src/Illuminate/Container/Container.php:916)
[stacktrace]
#0 /home/ofmakers/Documentos/ofmakers/projetoSensor/sensor/vendor/laravel/framework/src/Illuminate/Container/Container.php(795): Illuminate\\Container\\Container->build()
#1 /home/ofmakers/Documentos/ofmakers/projetoSensor/sensor/vendor/laravel/framework/src/Illuminate/Foundation/Application.php(933): Illuminate\\Container\\Container->resolve()
#2 /home/ofmakers/Documentos/ofmakers/projetoSensor/sensor/vendor/laravel/framework/src/Illuminate/Container/Container.php(731): Illuminate\\Foundation\\Application->resolve()
#3 /home/ofmakers/Documentos/ofmakers/projetoSensor/sensor/vendor/laravel/framework/src/Illuminate/Foundation/Application.php(918): Illuminate\\Container\\Container->make()
#4 /home/ofmakers/Documentos/ofmakers/projetoSensor/sensor/vendor/laravel/framework/src/Illuminate/Foundation/Http/Kernel.php(249): Illuminate\\Foundation\\Application->make()
#5 /home/ofmakers/Documentos/ofmakers/projetoSensor/sensor/vendor/laravel/framework/src/Illuminate/Foundation/Http/Kernel.php(213): Illuminate\\Foundation\\Http\\Kernel->terminateMiddleware()
#6 /home/ofmakers/Documentos/ofmakers/projetoSensor/sensor/public/index.php(55): Illuminate\\Foundation\\Http\\Kernel->terminate()
#7 /home/ofmakers/Documentos/ofmakers/projetoSensor/sensor/server.php(21): require_once('...')
#8 {main}

[previous exception] [object] (ReflectionException(code: -1): Class \"Fruitcake\\Cors\\HandleCors\" does not exist at /home/ofmakers/Documentos/ofmakers/projetoSensor/sensor/vendor/laravel/framework/src/Illuminate/Container/Container.php:914)
[stacktrace]
#0 /home/ofmakers/Documentos/ofmakers/projetoSensor/sensor/vendor/laravel/framework/src/Illuminate/Container/Container.php(914): ReflectionClass->__construct()
#1 /home/ofmakers/Documentos/ofmakers/projetoSensor/sensor/vendor/laravel/framework/src/Illuminate/Container/Container.php(795): Illuminate\\Container\\Container->build()
#2 /home/ofmakers/Documentos/ofmakers/projetoSensor/sensor/vendor/laravel/framework/src/Illuminate/Foundation/Application.php(933): Illuminate\\Container\\Container->resolve()
#3 /home/ofmakers/Documentos/ofmakers/projetoSensor/sensor/vendor/laravel/framework/src/Illuminate/Container/Container.php(731): Illuminate\\Foundation\\Application->resolve()
#4 /home/ofmakers/Documentos/ofmakers/projetoSensor/sensor/vendor/laravel/framework/src/Illuminate/Foundation/Application.php(918): Illuminate\\Container\\Container->make()
#5 /home/ofmakers/Documentos/ofmakers/projetoSensor/sensor/vendor/laravel/framework/src/Illuminate/Foundation/Http/Kernel.php(249): Illuminate\\Foundation\\Application->make()
#6 /home/ofmakers/Documentos/ofmakers/projetoSensor/sensor/vendor/laravel/framework/src/Illuminate/Foundation/Http/Kernel.php(213): Illuminate\\Foundation\\Http\\Kernel->terminateMiddleware()
#7 /home/ofmakers/Documentos/ofmakers/projetoSensor/sensor/public/index.php(55): Illuminate\\Foundation\\Http\\Kernel->terminate()
#8 /home/ofmakers/Documentos/ofmakers/projetoSensor/sensor/server.php(21): require_once('...')
#9 {main}
"} 
[2023-06-21 12:41:38] production.ERROR: Target class [Fruitcake\Cors\HandleCors] does not exist. {"exception":"[object] (Illuminate\\Contracts\\Container\\BindingResolutionException(code: 0): Target class [Fruitcake\\Cors\\HandleCors] does not exist. at /home/ofmakers/Documentos/ofmakers/projetoSensor/sensor/vendor/laravel/framework/src/Illuminate/Container/Container.php:916)
[stacktrace]
#0 /home/ofmakers/Documentos/ofmakers/projetoSensor/sensor/vendor/laravel/framework/src/Illuminate/Container/Container.php(795): Illuminate\\Container\\Container->build()
#1 /home/ofmakers/Documentos/ofmakers/projetoSensor/sensor/vendor/laravel/framework/src/Illuminate/Foundation/Application.php(933): Illuminate\\Container\\Container->resolve()
#2 /home/ofmakers/Documentos/ofmakers/projetoSensor/sensor/vendor/laravel/framework/src/Illuminate/Container/Container.php(731): Illuminate\\Foundation\\Application->resolve()
#3 /home/ofmakers/Documentos/ofmakers/projetoSensor/sensor/vendor/laravel/framework/src/Illuminate/Foundation/Application.php(918): Illuminate\\Container\\Container->make()
#4 /home/ofmakers/Documentos/ofmakers/projetoSensor/sensor/vendor/laravel/framework/src/Illuminate/Pipeline/Pipeline.php(169): Illuminate\\Foundation\\Application->make()
#5 /home/ofmakers/Documentos/ofmakers/projetoSensor/sensor/vendor/laravel/framework/src/Illuminate/Http/Middleware/TrustProxies.php(39): Illuminate\\Pipeline\\Pipeline->Illuminate\\Pipeline\\{closure}()
#6 /home/ofmakers/Documentos/ofmakers/projetoSensor/sensor/vendor/laravel/framework/src/Illuminate/Pipeline/Pipeline.php(180): Illuminate\\Http\\Middleware\\TrustProxies->handle()
#7 /home/ofmakers/Documentos/ofmakers/projetoSensor/sensor/vendor/laravel/framework/src/Illuminate/Pipeline/Pipeline.php(116): Illuminate\\Pipeline\\Pipeline->Illuminate\\Pipeline\\{closure}()
#8 /home/ofmakers/Documentos/ofmakers/projetoSensor/sensor/vendor/laravel/framework/src/Illuminate/Foundation/Http/Kernel.php(175): Illuminate\\Pipeline\\Pipeline->then()
#9 /home/ofmakers/Documentos/ofmakers/projetoSensor/sensor/vendor/laravel/framework/src/Illuminate/Foundation/Http/Kernel.php(144): Illuminate\\Foundation\\Http\\Kernel->sendRequestThroughRouter()
#10 /home/ofmakers/Documentos/ofmakers/projetoSensor/sensor/public/index.php(52): Illuminate\\Foundation\\Http\\Kernel->handle()
#11 /home/ofmakers/Documentos/ofmakers/projetoSensor/sensor/server.php(21): require_once('...')
#12 {main}

[previous exception] [object] (ReflectionException(code: -1): Class \"Fruitcake\\Cors\\HandleCors\" does not exist at /home/ofmakers/Documentos/ofmakers/projetoSensor/sensor/vendor/laravel/framework/src/Illuminate/Container/Container.php:914)
[stacktrace]
#0 /home/ofmakers/Documentos/ofmakers/projetoSensor/sensor/vendor/laravel/framework/src/Illuminate/Container/Container.php(914): ReflectionClass->__construct()
#1 /home/ofmakers/Documentos/ofmakers/projetoSensor/sensor/vendor/laravel/framework/src/Illuminate/Container/Container.php(795): Illuminate\\Container\\Container->build()
#2 /home/ofmakers/Documentos/ofmakers/projetoSensor/sensor/vendor/laravel/framework/src/Illuminate/Foundation/Application.php(933): Illuminate\\Container\\Container->resolve()
#3 /home/ofmakers/Documentos/ofmakers/projetoSensor/sensor/vendor/laravel/framework/src/Illuminate/Container/Container.php(731): Illuminate\\Foundation\\Application->resolve()
#4 /home/ofmakers/Documentos/ofmakers/projetoSensor/sensor/vendor/laravel/framework/src/Illuminate/Foundation/Application.php(918): Illuminate\\Container\\Container->make()
#5 /home/ofmakers/Documentos/ofmakers/projetoSensor/sensor/vendor/laravel/framework/src/Illuminate/Pipeline/Pipeline.php(169): Illuminate\\Foundation\\Application->make()
#6 /home/ofmakers/Documentos/ofmakers/projetoSensor/sensor/vendor/laravel/framework/src/Illuminate/Http/Middleware/TrustProxies.php(39): Illuminate\\Pipeline\\Pipeline->Illuminate\\Pipeline\\{closure}()
#7 /home/ofmakers/Documentos/ofmakers/projetoSensor/sensor/vendor/laravel/framework/src/Illuminate/Pipeline/Pipeline.php(180): Illuminate\\Http\\Middleware\\TrustProxies->handle()
#8 /home/ofmakers/Documentos/ofmakers/projetoSensor/sensor/vendor/laravel/framework/src/Illuminate/Pipeline/Pipeline.php(116): Illuminate\\Pipeline\\Pipeline->Illuminate\\Pipeline\\{closure}()
#9 /home/ofmakers/Documentos/ofmakers/projetoSensor/sensor/vendor/laravel/framework/src/Illuminate/Foundation/Http/Kernel.php(175): Illuminate\\Pipeline\\Pipeline->then()
#10 /home/ofmakers/Documentos/ofmakers/projetoSensor/sensor/vendor/laravel/framework/src/Illuminate/Foundation/Http/Kernel.php(144): Illuminate\\Foundation\\Http\\Kernel->sendRequestThroughRouter()
#11 /home/ofmakers/Documentos/ofmakers/projetoSensor/sensor/public/index.php(52): Illuminate\\Foundation\\Http\\Kernel->handle()
#12 /home/ofmakers/Documentos/ofmakers/projetoSensor/sensor/server.php(21): require_once('...')
#13 {main}
"} 
[2023-06-21 12:41:38] production.ERROR: Target class [Fruitcake\Cors\HandleCors] does not exist. {"exception":"[object] (Illuminate\\Contracts\\Container\\BindingResolutionException(code: 0): Target class [Fruitcake\\Cors\\HandleCors] does not exist. at /home/ofmakers/Documentos/ofmakers/projetoSensor/sensor/vendor/laravel/framework/src/Illuminate/Container/Container.php:916)
[stacktrace]
#0 /home/ofmakers/Documentos/ofmakers/projetoSensor/sensor/vendor/laravel/framework/src/Illuminate/Container/Container.php(795): Illuminate\\Container\\Container->build()
#1 /home/ofmakers/Documentos/ofmakers/projetoSensor/sensor/vendor/laravel/framework/src/Illuminate/Foundation/Application.php(933): Illuminate\\Container\\Container->resolve()
#2 /home/ofmakers/Documentos/ofmakers/projetoSensor/sensor/vendor/laravel/framework/src/Illuminate/Container/Container.php(731): Illuminate\\Foundation\\Application->resolve()
#3 /home/ofmakers/Documentos/ofmakers/projetoSensor/sensor/vendor/laravel/framework/src/Illuminate/Foundation/Application.php(918): Illuminate\\Container\\Container->make()
#4 /home/ofmakers/Documentos/ofmakers/projetoSensor/sensor/vendor/laravel/framework/src/Illuminate/Foundation/Http/Kernel.php(249): Illuminate\\Foundation\\Application->make()
#5 /home/ofmakers/Documentos/ofmakers/projetoSensor/sensor/vendor/laravel/framework/src/Illuminate/Foundation/Http/Kernel.php(213): Illuminate\\Foundation\\Http\\Kernel->terminateMiddleware()
#6 /home/ofmakers/Documentos/ofmakers/projetoSensor/sensor/public/index.php(55): Illuminate\\Foundation\\Http\\Kernel->terminate()
#7 /home/ofmakers/Documentos/ofmakers/projetoSensor/sensor/server.php(21): require_once('...')
#8 {main}

[previous exception] [object] (ReflectionException(code: -1): Class \"Fruitcake\\Cors\\HandleCors\" does not exist at /home/ofmakers/Documentos/ofmakers/projetoSensor/sensor/vendor/laravel/framework/src/Illuminate/Container/Container.php:914)
[stacktrace]
#0 /home/ofmakers/Documentos/ofmakers/projetoSensor/sensor/vendor/laravel/framework/src/Illuminate/Container/Container.php(914): ReflectionClass->__construct()
#1 /home/ofmakers/Documentos/ofmakers/projetoSensor/sensor/vendor/laravel/framework/src/Illuminate/Container/Container.php(795): Illuminate\\Container\\Container->build()
#2 /home/ofmakers/Documentos/ofmakers/projetoSensor/sensor/vendor/laravel/framework/src/Illuminate/Foundation/Application.php(933): Illuminate\\Container\\Container->resolve()
#3 /home/ofmakers/Documentos/ofmakers/projetoSensor/sensor/vendor/laravel/framework/src/Illuminate/Container/Container.php(731): Illuminate\\Foundation\\Application->resolve()
#4 /home/ofmakers/Documentos/ofmakers/projetoSensor/sensor/vendor/laravel/framework/src/Illuminate/Foundation/Application.php(918): Illuminate\\Container\\Container->make()
#5 /home/ofmakers/Documentos/ofmakers/projetoSensor/sensor/vendor/laravel/framework/src/Illuminate/Foundation/Http/Kernel.php(249): Illuminate\\Foundation\\Application->make()
#6 /home/ofmakers/Documentos/ofmakers/projetoSensor/sensor/vendor/laravel/framework/src/Illuminate/Foundation/Http/Kernel.php(213): Illuminate\\Foundation\\Http\\Kernel->terminateMiddleware()
#7 /home/ofmakers/Documentos/ofmakers/projetoSensor/sensor/public/index.php(55): Illuminate\\Foundation\\Http\\Kernel->terminate()
#8 /home/ofmakers/Documentos/ofmakers/projetoSensor/sensor/server.php(21): require_once('...')
#9 {main}
"} 
[2023-06-21 12:41:41] production.ERROR: Target class [Fruitcake\Cors\HandleCors] does not exist. {"exception":"[object] (Illuminate\\Contracts\\Container\\BindingResolutionException(code: 0): Target class [Fruitcake\\Cors\\HandleCors] does not exist. at /home/ofmakers/Documentos/ofmakers/projetoSensor/sensor/vendor/laravel/framework/src/Illuminate/Container/Container.php:916)
[stacktrace]
#0 /home/ofmakers/Documentos/ofmakers/projetoSensor/sensor/vendor/laravel/framework/src/Illuminate/Container/Container.php(795): Illuminate\\Container\\Container->build()
#1 /home/ofmakers/Documentos/ofmakers/projetoSensor/sensor/vendor/laravel/framework/src/Illuminate/Foundation/Application.php(933): Illuminate\\Container\\Container->resolve()
#2 /home/ofmakers/Documentos/ofmakers/projetoSensor/sensor/vendor/laravel/framework/src/Illuminate/Container/Container.php(731): Illuminate\\Foundation\\Application->resolve()
#3 /home/ofmakers/Documentos/ofmakers/projetoSensor/sensor/vendor/laravel/framework/src/Illuminate/Foundation/Application.php(918): Illuminate\\Container\\Container->make()
#4 /home/ofmakers/Documentos/ofmakers/projetoSensor/sensor/vendor/laravel/framework/src/Illuminate/Pipeline/Pipeline.php(169): Illuminate\\Foundation\\Application->make()
#5 /home/ofmakers/Documentos/ofmakers/projetoSensor/sensor/vendor/laravel/framework/src/Illuminate/Http/Middleware/TrustProxies.php(39): Illuminate\\Pipeline\\Pipeline->Illuminate\\Pipeline\\{closure}()
#6 /home/ofmakers/Documentos/ofmakers/projetoSensor/sensor/vendor/laravel/framework/src/Illuminate/Pipeline/Pipeline.php(180): Illuminate\\Http\\Middleware\\TrustProxies->handle()
#7 /home/ofmakers/Documentos/ofmakers/projetoSensor/sensor/vendor/laravel/framework/src/Illuminate/Pipeline/Pipeline.php(116): Illuminate\\Pipeline\\Pipeline->Illuminate\\Pipeline\\{closure}()
#8 /home/ofmakers/Documentos/ofmakers/projetoSensor/sensor/vendor/laravel/framework/src/Illuminate/Foundation/Http/Kernel.php(175): Illuminate\\Pipeline\\Pipeline->then()
#9 /home/ofmakers/Documentos/ofmakers/projetoSensor/sensor/vendor/laravel/framework/src/Illuminate/Foundation/Http/Kernel.php(144): Illuminate\\Foundation\\Http\\Kernel->sendRequestThroughRouter()
#10 /home/ofmakers/Documentos/ofmakers/projetoSensor/sensor/public/index.php(52): Illuminate\\Foundation\\Http\\Kernel->handle()
#11 /home/ofmakers/Documentos/ofmakers/projetoSensor/sensor/server.php(21): require_once('...')
#12 {main}

[previous exception] [object] (ReflectionException(code: -1): Class \"Fruitcake\\Cors\\HandleCors\" does not exist at /home/ofmakers/Documentos/ofmakers/projetoSensor/sensor/vendor/laravel/framework/src/Illuminate/Container/Container.php:914)
[stacktrace]
#0 /home/ofmakers/Documentos/ofmakers/projetoSensor/sensor/vendor/laravel/framework/src/Illuminate/Container/Container.php(914): ReflectionClass->__construct()
#1 /home/ofmakers/Documentos/ofmakers/projetoSensor/sensor/vendor/laravel/framework/src/Illuminate/Container/Container.php(795): Illuminate\\Container\\Container->build()
#2 /home/ofmakers/Documentos/ofmakers/projetoSensor/sensor/vendor/laravel/framework/src/Illuminate/Foundation/Application.php(933): Illuminate\\Container\\Container->resolve()
#3 /home/ofmakers/Documentos/ofmakers/projetoSensor/sensor/vendor/laravel/framework/src/Illuminate/Container/Container.php(731): Illuminate\\Foundation\\Application->resolve()
#4 /home/ofmakers/Documentos/ofmakers/projetoSensor/sensor/vendor/laravel/framework/src/Illuminate/Foundation/Application.php(918): Illuminate\\Container\\Container->make()
#5 /home/ofmakers/Documentos/ofmakers/projetoSensor/sensor/vendor/laravel/framework/src/Illuminate/Pipeline/Pipeline.php(169): Illuminate\\Foundation\\Application->make()
#6 /home/ofmakers/Documentos/ofmakers/projetoSensor/sensor/vendor/laravel/framework/src/Illuminate/Http/Middleware/TrustProxies.php(39): Illuminate\\Pipeline\\Pipeline->Illuminate\\Pipeline\\{closure}()
#7 /home/ofmakers/Documentos/ofmakers/projetoSensor/sensor/vendor/laravel/framework/src/Illuminate/Pipeline/Pipeline.php(180): Illuminate\\Http\\Middleware\\TrustProxies->handle()
#8 /home/ofmakers/Documentos/ofmakers/projetoSensor/sensor/vendor/laravel/framework/src/Illuminate/Pipeline/Pipeline.php(116): Illuminate\\Pipeline\\Pipeline->Illuminate\\Pipeline\\{closure}()
#9 /home/ofmakers/Documentos/ofmakers/projetoSensor/sensor/vendor/laravel/framework/src/Illuminate/Foundation/Http/Kernel.php(175): Illuminate\\Pipeline\\Pipeline->then()
#10 /home/ofmakers/Documentos/ofmakers/projetoSensor/sensor/vendor/laravel/framework/src/Illuminate/Foundation/Http/Kernel.php(144): Illuminate\\Foundation\\Http\\Kernel->sendRequestThroughRouter()
#11 /home/ofmakers/Documentos/ofmakers/projetoSensor/sensor/public/index.php(52): Illuminate\\Foundation\\Http\\Kernel->handle()
#12 /home/ofmakers/Documentos/ofmakers/projetoSensor/sensor/server.php(21): require_once('...')
#13 {main}
"} 
[2023-06-21 12:41:41] production.ERROR: Target class [Fruitcake\Cors\HandleCors] does not exist. {"exception":"[object] (Illuminate\\Contracts\\Container\\BindingResolutionException(code: 0): Target class [Fruitcake\\Cors\\HandleCors] does not exist. at /home/ofmakers/Documentos/ofmakers/projetoSensor/sensor/vendor/laravel/framework/src/Illuminate/Container/Container.php:916)
[stacktrace]
#0 /home/ofmakers/Documentos/ofmakers/projetoSensor/sensor/vendor/laravel/framework/src/Illuminate/Container/Container.php(795): Illuminate\\Container\\Container->build()
#1 /home/ofmakers/Documentos/ofmakers/projetoSensor/sensor/vendor/laravel/framework/src/Illuminate/Foundation/Application.php(933): Illuminate\\Container\\Container->resolve()
#2 /home/ofmakers/Documentos/ofmakers/projetoSensor/sensor/vendor/laravel/framework/src/Illuminate/Container/Container.php(731): Illuminate\\Foundation\\Application->resolve()
#3 /home/ofmakers/Documentos/ofmakers/projetoSensor/sensor/vendor/laravel/framework/src/Illuminate/Foundation/Application.php(918): Illuminate\\Container\\Container->make()
#4 /home/ofmakers/Documentos/ofmakers/projetoSensor/sensor/vendor/laravel/framework/src/Illuminate/Foundation/Http/Kernel.php(249): Illuminate\\Foundation\\Application->make()
#5 /home/ofmakers/Documentos/ofmakers/projetoSensor/sensor/vendor/laravel/framework/src/Illuminate/Foundation/Http/Kernel.php(213): Illuminate\\Foundation\\Http\\Kernel->terminateMiddleware()
#6 /home/ofmakers/Documentos/ofmakers/projetoSensor/sensor/public/index.php(55): Illuminate\\Foundation\\Http\\Kernel->terminate()
#7 /home/ofmakers/Documentos/ofmakers/projetoSensor/sensor/server.php(21): require_once('...')
#8 {main}

[previous exception] [object] (ReflectionException(code: -1): Class \"Fruitcake\\Cors\\HandleCors\" does not exist at /home/ofmakers/Documentos/ofmakers/projetoSensor/sensor/vendor/laravel/framework/src/Illuminate/Container/Container.php:914)
[stacktrace]
#0 /home/ofmakers/Documentos/ofmakers/projetoSensor/sensor/vendor/laravel/framework/src/Illuminate/Container/Container.php(914): ReflectionClass->__construct()
#1 /home/ofmakers/Documentos/ofmakers/projetoSensor/sensor/vendor/laravel/framework/src/Illuminate/Container/Container.php(795): Illuminate\\Container\\Container->build()
#2 /home/ofmakers/Documentos/ofmakers/projetoSensor/sensor/vendor/laravel/framework/src/Illuminate/Foundation/Application.php(933): Illuminate\\Container\\Container->resolve()
#3 /home/ofmakers/Documentos/ofmakers/projetoSensor/sensor/vendor/laravel/framework/src/Illuminate/Container/Container.php(731): Illuminate\\Foundation\\Application->resolve()
#4 /home/ofmakers/Documentos/ofmakers/projetoSensor/sensor/vendor/laravel/framework/src/Illuminate/Foundation/Application.php(918): Illuminate\\Container\\Container->make()
#5 /home/ofmakers/Documentos/ofmakers/projetoSensor/sensor/vendor/laravel/framework/src/Illuminate/Foundation/Http/Kernel.php(249): Illuminate\\Foundation\\Application->make()
#6 /home/ofmakers/Documentos/ofmakers/projetoSensor/sensor/vendor/laravel/framework/src/Illuminate/Foundation/Http/Kernel.php(213): Illuminate\\Foundation\\Http\\Kernel->terminateMiddleware()
#7 /home/ofmakers/Documentos/ofmakers/projetoSensor/sensor/public/index.php(55): Illuminate\\Foundation\\Http\\Kernel->terminate()
#8 /home/ofmakers/Documentos/ofmakers/projetoSensor/sensor/server.php(21): require_once('...')
#9 {main}
"} 
[2023-06-21 12:42:40] production.ERROR: Target class [Fruitcake\Cors\HandleCors] does not exist. {"exception":"[object] (Illuminate\\Contracts\\Container\\BindingResolutionException(code: 0): Target class [Fruitcake\\Cors\\HandleCors] does not exist. at /home/ofmakers/Documentos/ofmakers/projetoSensor/sensor/vendor/laravel/framework/src/Illuminate/Container/Container.php:916)
[stacktrace]
#0 /home/ofmakers/Documentos/ofmakers/projetoSensor/sensor/vendor/laravel/framework/src/Illuminate/Container/Container.php(795): Illuminate\\Container\\Container->build()
#1 /home/ofmakers/Documentos/ofmakers/projetoSensor/sensor/vendor/laravel/framework/src/Illuminate/Foundation/Application.php(933): Illuminate\\Container\\Container->resolve()
#2 /home/ofmakers/Documentos/ofmakers/projetoSensor/sensor/vendor/laravel/framework/src/Illuminate/Container/Container.php(731): Illuminate\\Foundation\\Application->resolve()
#3 /home/ofmakers/Documentos/ofmakers/projetoSensor/sensor/vendor/laravel/framework/src/Illuminate/Foundation/Application.php(918): Illuminate\\Container\\Container->make()
#4 /home/ofmakers/Documentos/ofmakers/projetoSensor/sensor/vendor/laravel/framework/src/Illuminate/Pipeline/Pipeline.php(169): Illuminate\\Foundation\\Application->make()
#5 /home/ofmakers/Documentos/ofmakers/projetoSensor/sensor/vendor/laravel/framework/src/Illuminate/Http/Middleware/TrustProxies.php(39): Illuminate\\Pipeline\\Pipeline->Illuminate\\Pipeline\\{closure}()
#6 /home/ofmakers/Documentos/ofmakers/projetoSensor/sensor/vendor/laravel/framework/src/Illuminate/Pipeline/Pipeline.php(180): Illuminate\\Http\\Middleware\\TrustProxies->handle()
#7 /home/ofmakers/Documentos/ofmakers/projetoSensor/sensor/vendor/laravel/framework/src/Illuminate/Pipeline/Pipeline.php(116): Illuminate\\Pipeline\\Pipeline->Illuminate\\Pipeline\\{closure}()
#8 /home/ofmakers/Documentos/ofmakers/projetoSensor/sensor/vendor/laravel/framework/src/Illuminate/Foundation/Http/Kernel.php(175): Illuminate\\Pipeline\\Pipeline->then()
#9 /home/ofmakers/Documentos/ofmakers/projetoSensor/sensor/vendor/laravel/framework/src/Illuminate/Foundation/Http/Kernel.php(144): Illuminate\\Foundation\\Http\\Kernel->sendRequestThroughRouter()
#10 /home/ofmakers/Documentos/ofmakers/projetoSensor/sensor/public/index.php(52): Illuminate\\Foundation\\Http\\Kernel->handle()
#11 /home/ofmakers/Documentos/ofmakers/projetoSensor/sensor/server.php(21): require_once('...')
#12 {main}

[previous exception] [object] (ReflectionException(code: -1): Class \"Fruitcake\\Cors\\HandleCors\" does not exist at /home/ofmakers/Documentos/ofmakers/projetoSensor/sensor/vendor/laravel/framework/src/Illuminate/Container/Container.php:914)
[stacktrace]
#0 /home/ofmakers/Documentos/ofmakers/projetoSensor/sensor/vendor/laravel/framework/src/Illuminate/Container/Container.php(914): ReflectionClass->__construct()
#1 /home/ofmakers/Documentos/ofmakers/projetoSensor/sensor/vendor/laravel/framework/src/Illuminate/Container/Container.php(795): Illuminate\\Container\\Container->build()
#2 /home/ofmakers/Documentos/ofmakers/projetoSensor/sensor/vendor/laravel/framework/src/Illuminate/Foundation/Application.php(933): Illuminate\\Container\\Container->resolve()
#3 /home/ofmakers/Documentos/ofmakers/projetoSensor/sensor/vendor/laravel/framework/src/Illuminate/Container/Container.php(731): Illuminate\\Foundation\\Application->resolve()
#4 /home/ofmakers/Documentos/ofmakers/projetoSensor/sensor/vendor/laravel/framework/src/Illuminate/Foundation/Application.php(918): Illuminate\\Container\\Container->make()
#5 /home/ofmakers/Documentos/ofmakers/projetoSensor/sensor/vendor/laravel/framework/src/Illuminate/Pipeline/Pipeline.php(169): Illuminate\\Foundation\\Application->make()
#6 /home/ofmakers/Documentos/ofmakers/projetoSensor/sensor/vendor/laravel/framework/src/Illuminate/Http/Middleware/TrustProxies.php(39): Illuminate\\Pipeline\\Pipeline->Illuminate\\Pipeline\\{closure}()
#7 /home/ofmakers/Documentos/ofmakers/projetoSensor/sensor/vendor/laravel/framework/src/Illuminate/Pipeline/Pipeline.php(180): Illuminate\\Http\\Middleware\\TrustProxies->handle()
#8 /home/ofmakers/Documentos/ofmakers/projetoSensor/sensor/vendor/laravel/framework/src/Illuminate/Pipeline/Pipeline.php(116): Illuminate\\Pipeline\\Pipeline->Illuminate\\Pipeline\\{closure}()
#9 /home/ofmakers/Documentos/ofmakers/projetoSensor/sensor/vendor/laravel/framework/src/Illuminate/Foundation/Http/Kernel.php(175): Illuminate\\Pipeline\\Pipeline->then()
#10 /home/ofmakers/Documentos/ofmakers/projetoSensor/sensor/vendor/laravel/framework/src/Illuminate/Foundation/Http/Kernel.php(144): Illuminate\\Foundation\\Http\\Kernel->sendRequestThroughRouter()
#11 /home/ofmakers/Documentos/ofmakers/projetoSensor/sensor/public/index.php(52): Illuminate\\Foundation\\Http\\Kernel->handle()
#12 /home/ofmakers/Documentos/ofmakers/projetoSensor/sensor/server.php(21): require_once('...')
#13 {main}
"} 
[2023-06-21 12:42:40] production.ERROR: Target class [Fruitcake\Cors\HandleCors] does not exist. {"exception":"[object] (Illuminate\\Contracts\\Container\\BindingResolutionException(code: 0): Target class [Fruitcake\\Cors\\HandleCors] does not exist. at /home/ofmakers/Documentos/ofmakers/projetoSensor/sensor/vendor/laravel/framework/src/Illuminate/Container/Container.php:916)
[stacktrace]
#0 /home/ofmakers/Documentos/ofmakers/projetoSensor/sensor/vendor/laravel/framework/src/Illuminate/Container/Container.php(795): Illuminate\\Container\\Container->build()
#1 /home/ofmakers/Documentos/ofmakers/projetoSensor/sensor/vendor/laravel/framework/src/Illuminate/Foundation/Application.php(933): Illuminate\\Container\\Container->resolve()
#2 /home/ofmakers/Documentos/ofmakers/projetoSensor/sensor/vendor/laravel/framework/src/Illuminate/Container/Container.php(731): Illuminate\\Foundation\\Application->resolve()
#3 /home/ofmakers/Documentos/ofmakers/projetoSensor/sensor/vendor/laravel/framework/src/Illuminate/Foundation/Application.php(918): Illuminate\\Container\\Container->make()
#4 /home/ofmakers/Documentos/ofmakers/projetoSensor/sensor/vendor/laravel/framework/src/Illuminate/Foundation/Http/Kernel.php(249): Illuminate\\Foundation\\Application->make()
#5 /home/ofmakers/Documentos/ofmakers/projetoSensor/sensor/vendor/laravel/framework/src/Illuminate/Foundation/Http/Kernel.php(213): Illuminate\\Foundation\\Http\\Kernel->terminateMiddleware()
#6 /home/ofmakers/Documentos/ofmakers/projetoSensor/sensor/public/index.php(55): Illuminate\\Foundation\\Http\\Kernel->terminate()
#7 /home/ofmakers/Documentos/ofmakers/projetoSensor/sensor/server.php(21): require_once('...')
#8 {main}

[previous exception] [object] (ReflectionException(code: -1): Class \"Fruitcake\\Cors\\HandleCors\" does not exist at /home/ofmakers/Documentos/ofmakers/projetoSensor/sensor/vendor/laravel/framework/src/Illuminate/Container/Container.php:914)
[stacktrace]
#0 /home/ofmakers/Documentos/ofmakers/projetoSensor/sensor/vendor/laravel/framework/src/Illuminate/Container/Container.php(914): ReflectionClass->__construct()
#1 /home/ofmakers/Documentos/ofmakers/projetoSensor/sensor/vendor/laravel/framework/src/Illuminate/Container/Container.php(795): Illuminate\\Container\\Container->build()
#2 /home/ofmakers/Documentos/ofmakers/projetoSensor/sensor/vendor/laravel/framework/src/Illuminate/Foundation/Application.php(933): Illuminate\\Container\\Container->resolve()
#3 /home/ofmakers/Documentos/ofmakers/projetoSensor/sensor/vendor/laravel/framework/src/Illuminate/Container/Container.php(731): Illuminate\\Foundation\\Application->resolve()
#4 /home/ofmakers/Documentos/ofmakers/projetoSensor/sensor/vendor/laravel/framework/src/Illuminate/Foundation/Application.php(918): Illuminate\\Container\\Container->make()
#5 /home/ofmakers/Documentos/ofmakers/projetoSensor/sensor/vendor/laravel/framework/src/Illuminate/Foundation/Http/Kernel.php(249): Illuminate\\Foundation\\Application->make()
#6 /home/ofmakers/Documentos/ofmakers/projetoSensor/sensor/vendor/laravel/framework/src/Illuminate/Foundation/Http/Kernel.php(213): Illuminate\\Foundation\\Http\\Kernel->terminateMiddleware()
#7 /home/ofmakers/Documentos/ofmakers/projetoSensor/sensor/public/index.php(55): Illuminate\\Foundation\\Http\\Kernel->terminate()
#8 /home/ofmakers/Documentos/ofmakers/projetoSensor/sensor/server.php(21): require_once('...')
#9 {main}
"} 
[2023-06-21 12:45:39] local.ERROR: Target class [Fruitcake\Cors\HandleCors] does not exist. {"exception":"[object] (Illuminate\\Contracts\\Container\\BindingResolutionException(code: 0): Target class [Fruitcake\\Cors\\HandleCors] does not exist. at /home/ofmakers/Documentos/ofmakers/projetoSensor/sensor/vendor/laravel/framework/src/Illuminate/Container/Container.php:916)
[stacktrace]
#0 /home/ofmakers/Documentos/ofmakers/projetoSensor/sensor/vendor/laravel/framework/src/Illuminate/Container/Container.php(795): Illuminate\\Container\\Container->build()
#1 /home/ofmakers/Documentos/ofmakers/projetoSensor/sensor/vendor/laravel/framework/src/Illuminate/Foundation/Application.php(933): Illuminate\\Container\\Container->resolve()
#2 /home/ofmakers/Documentos/ofmakers/projetoSensor/sensor/vendor/laravel/framework/src/Illuminate/Container/Container.php(731): Illuminate\\Foundation\\Application->resolve()
#3 /home/ofmakers/Documentos/ofmakers/projetoSensor/sensor/vendor/laravel/framework/src/Illuminate/Foundation/Application.php(918): Illuminate\\Container\\Container->make()
#4 /home/ofmakers/Documentos/ofmakers/projetoSensor/sensor/vendor/laravel/framework/src/Illuminate/Pipeline/Pipeline.php(169): Illuminate\\Foundation\\Application->make()
#5 /home/ofmakers/Documentos/ofmakers/projetoSensor/sensor/vendor/laravel/framework/src/Illuminate/Http/Middleware/TrustProxies.php(39): Illuminate\\Pipeline\\Pipeline->Illuminate\\Pipeline\\{closure}()
#6 /home/ofmakers/Documentos/ofmakers/projetoSensor/sensor/vendor/laravel/framework/src/Illuminate/Pipeline/Pipeline.php(180): Illuminate\\Http\\Middleware\\TrustProxies->handle()
#7 /home/ofmakers/Documentos/ofmakers/projetoSensor/sensor/vendor/laravel/framework/src/Illuminate/Pipeline/Pipeline.php(116): Illuminate\\Pipeline\\Pipeline->Illuminate\\Pipeline\\{closure}()
#8 /home/ofmakers/Documentos/ofmakers/projetoSensor/sensor/vendor/laravel/framework/src/Illuminate/Foundation/Http/Kernel.php(175): Illuminate\\Pipeline\\Pipeline->then()
#9 /home/ofmakers/Documentos/ofmakers/projetoSensor/sensor/vendor/laravel/framework/src/Illuminate/Foundation/Http/Kernel.php(144): Illuminate\\Foundation\\Http\\Kernel->sendRequestThroughRouter()
#10 /home/ofmakers/Documentos/ofmakers/projetoSensor/sensor/public/index.php(52): Illuminate\\Foundation\\Http\\Kernel->handle()
#11 /home/ofmakers/Documentos/ofmakers/projetoSensor/sensor/server.php(21): require_once('...')
#12 {main}

[previous exception] [object] (ReflectionException(code: -1): Class \"Fruitcake\\Cors\\HandleCors\" does not exist at /home/ofmakers/Documentos/ofmakers/projetoSensor/sensor/vendor/laravel/framework/src/Illuminate/Container/Container.php:914)
[stacktrace]
#0 /home/ofmakers/Documentos/ofmakers/projetoSensor/sensor/vendor/laravel/framework/src/Illuminate/Container/Container.php(914): ReflectionClass->__construct()
#1 /home/ofmakers/Documentos/ofmakers/projetoSensor/sensor/vendor/laravel/framework/src/Illuminate/Container/Container.php(795): Illuminate\\Container\\Container->build()
#2 /home/ofmakers/Documentos/ofmakers/projetoSensor/sensor/vendor/laravel/framework/src/Illuminate/Foundation/Application.php(933): Illuminate\\Container\\Container->resolve()
#3 /home/ofmakers/Documentos/ofmakers/projetoSensor/sensor/vendor/laravel/framework/src/Illuminate/Container/Container.php(731): Illuminate\\Foundation\\Application->resolve()
#4 /home/ofmakers/Documentos/ofmakers/projetoSensor/sensor/vendor/laravel/framework/src/Illuminate/Foundation/Application.php(918): Illuminate\\Container\\Container->make()
#5 /home/ofmakers/Documentos/ofmakers/projetoSensor/sensor/vendor/laravel/framework/src/Illuminate/Pipeline/Pipeline.php(169): Illuminate\\Foundation\\Application->make()
#6 /home/ofmakers/Documentos/ofmakers/projetoSensor/sensor/vendor/laravel/framework/src/Illuminate/Http/Middleware/TrustProxies.php(39): Illuminate\\Pipeline\\Pipeline->Illuminate\\Pipeline\\{closure}()
#7 /home/ofmakers/Documentos/ofmakers/projetoSensor/sensor/vendor/laravel/framework/src/Illuminate/Pipeline/Pipeline.php(180): Illuminate\\Http\\Middleware\\TrustProxies->handle()
#8 /home/ofmakers/Documentos/ofmakers/projetoSensor/sensor/vendor/laravel/framework/src/Illuminate/Pipeline/Pipeline.php(116): Illuminate\\Pipeline\\Pipeline->Illuminate\\Pipeline\\{closure}()
#9 /home/ofmakers/Documentos/ofmakers/projetoSensor/sensor/vendor/laravel/framework/src/Illuminate/Foundation/Http/Kernel.php(175): Illuminate\\Pipeline\\Pipeline->then()
#10 /home/ofmakers/Documentos/ofmakers/projetoSensor/sensor/vendor/laravel/framework/src/Illuminate/Foundation/Http/Kernel.php(144): Illuminate\\Foundation\\Http\\Kernel->sendRequestThroughRouter()
#11 /home/ofmakers/Documentos/ofmakers/projetoSensor/sensor/public/index.php(52): Illuminate\\Foundation\\Http\\Kernel->handle()
#12 /home/ofmakers/Documentos/ofmakers/projetoSensor/sensor/server.php(21): require_once('...')
#13 {main}
"} 
[2023-06-21 12:45:39] local.ERROR: Target class [Fruitcake\Cors\HandleCors] does not exist. {"exception":"[object] (Illuminate\\Contracts\\Container\\BindingResolutionException(code: 0): Target class [Fruitcake\\Cors\\HandleCors] does not exist. at /home/ofmakers/Documentos/ofmakers/projetoSensor/sensor/vendor/laravel/framework/src/Illuminate/Container/Container.php:916)
[stacktrace]
#0 /home/ofmakers/Documentos/ofmakers/projetoSensor/sensor/vendor/laravel/framework/src/Illuminate/Container/Container.php(795): Illuminate\\Container\\Container->build()
#1 /home/ofmakers/Documentos/ofmakers/projetoSensor/sensor/vendor/laravel/framework/src/Illuminate/Foundation/Application.php(933): Illuminate\\Container\\Container->resolve()
#2 /home/ofmakers/Documentos/ofmakers/projetoSensor/sensor/vendor/laravel/framework/src/Illuminate/Container/Container.php(731): Illuminate\\Foundation\\Application->resolve()
#3 /home/ofmakers/Documentos/ofmakers/projetoSensor/sensor/vendor/laravel/framework/src/Illuminate/Foundation/Application.php(918): Illuminate\\Container\\Container->make()
#4 /home/ofmakers/Documentos/ofmakers/projetoSensor/sensor/vendor/laravel/framework/src/Illuminate/Foundation/Http/Kernel.php(249): Illuminate\\Foundation\\Application->make()
#5 /home/ofmakers/Documentos/ofmakers/projetoSensor/sensor/vendor/laravel/framework/src/Illuminate/Foundation/Http/Kernel.php(213): Illuminate\\Foundation\\Http\\Kernel->terminateMiddleware()
#6 /home/ofmakers/Documentos/ofmakers/projetoSensor/sensor/public/index.php(55): Illuminate\\Foundation\\Http\\Kernel->terminate()
#7 /home/ofmakers/Documentos/ofmakers/projetoSensor/sensor/server.php(21): require_once('...')
#8 {main}

[previous exception] [object] (ReflectionException(code: -1): Class \"Fruitcake\\Cors\\HandleCors\" does not exist at /home/ofmakers/Documentos/ofmakers/projetoSensor/sensor/vendor/laravel/framework/src/Illuminate/Container/Container.php:914)
[stacktrace]
#0 /home/ofmakers/Documentos/ofmakers/projetoSensor/sensor/vendor/laravel/framework/src/Illuminate/Container/Container.php(914): ReflectionClass->__construct()
#1 /home/ofmakers/Documentos/ofmakers/projetoSensor/sensor/vendor/laravel/framework/src/Illuminate/Container/Container.php(795): Illuminate\\Container\\Container->build()
#2 /home/ofmakers/Documentos/ofmakers/projetoSensor/sensor/vendor/laravel/framework/src/Illuminate/Foundation/Application.php(933): Illuminate\\Container\\Container->resolve()
#3 /home/ofmakers/Documentos/ofmakers/projetoSensor/sensor/vendor/laravel/framework/src/Illuminate/Container/Container.php(731): Illuminate\\Foundation\\Application->resolve()
#4 /home/ofmakers/Documentos/ofmakers/projetoSensor/sensor/vendor/laravel/framework/src/Illuminate/Foundation/Application.php(918): Illuminate\\Container\\Container->make()
#5 /home/ofmakers/Documentos/ofmakers/projetoSensor/sensor/vendor/laravel/framework/src/Illuminate/Foundation/Http/Kernel.php(249): Illuminate\\Foundation\\Application->make()
#6 /home/ofmakers/Documentos/ofmakers/projetoSensor/sensor/vendor/laravel/framework/src/Illuminate/Foundation/Http/Kernel.php(213): Illuminate\\Foundation\\Http\\Kernel->terminateMiddleware()
#7 /home/ofmakers/Documentos/ofmakers/projetoSensor/sensor/public/index.php(55): Illuminate\\Foundation\\Http\\Kernel->terminate()
#8 /home/ofmakers/Documentos/ofmakers/projetoSensor/sensor/server.php(21): require_once('...')
#9 {main}
"} 
